This file contains any messages produced by compilers while
running configure, to aid debugging if configure makes a mistake.

configure:579: checking for a BSD compatible install
configure:632: checking whether build environment is sane
configure:689: checking whether make sets ${MAKE}
configure:735: checking for working aclocal
configure:748: checking for working autoconf
configure:761: checking for working automake
configure:774: checking for working autoheader
configure:787: checking for working makeinfo
configure:803: checking how to suppress newlines using echo
configure:834: checking for gcc
configure:947: checking whether the C compiler (gcc  ) works
configure:963: gcc -o conftest    conftest.c  1>&5
configure:989: checking whether the C compiler (gcc  ) is a cross-compiler
configure:994: checking whether we are using GNU C
configure:1003: gcc -E conftest.c
configure:1022: checking whether gcc accepts -g
configure:1054: checking how to run the C preprocessor
configure:1075: gcc -E  conftest.c >/dev/null 2>conftest.out
configure:1134: checking for AIX
configure:1159: checking for minix/config.h
configure:1169: gcc -E  conftest.c >/dev/null 2>conftest.out
configure:1165: minix\config.h: No such file or directory
configure: failed program was:
#line 1164 "configure"
#include "confdefs.h"
#include <minix/config.h>
configure:1282: checking host system type
configure:1303: checking build system type
configure:1323: checking for ranlib
configure:1362: checking for ld used by GCC
configure:1424: checking if the linker (d:/app/gcc-2.95.2/i386-mingw32msvc/bin/ld.exe) is GNU ld
GNU ld version 2.9.4 (with BFD 2.9.4)
configure:1440: checking for BSD-compatible nm
configure:1476: checking whether ln -s works
ltconfig:603: checking for object suffix
ltconfig:604: gcc -c -g -O2  conftest.c 1>&5
ltconfig:629: checking for executable suffix
ltconfig:630: gcc -o conftest -g -O2   conftest.c  1>&5
ltconfig:829: checking if gcc supports -c -o file.o
ltconfig:830: gcc -c -g -O2 -o out/conftest2.o  conftest.c 1>&5
ltconfig:862: checking if gcc supports -c -o file.lo
ltconfig:863: gcc -c -g -O2 -c -o conftest.lo  conftest.c 1>&5
ltconfig:914: checking if gcc supports -fno-rtti -fno-exceptions
ltconfig:915: gcc -c -g -O2 -fno-rtti -fno-exceptions -c conftest.c  conftest.c 1>&5
ltconfig:958: checking if gcc static flag -static works
ltconfig:959: gcc -o conftest -g -O2   -static conftest.c  1>&5
GNU ld version 2.9.4 (with BFD 2.9.4)
ltconfig:1635: checking if global_symbol_pipe works
ltconfig:1636: gcc -c -g -O2  conftest.c 1>&5
ltconfig:1639: eval "/cygdrive/d/app/gcc-2.95.2/bin/nm -B conftest.o | sed -n -e 's/^.*[ 	]\([ABCDGISTW]\)[ 	][ 	]*\(\)\([_A-Za-z][_A-Za-z0-9]*\)$/\1 \2\3 \3/p' > conftest.nm"
cannot find nm_test_var in conftest.nm
ltconfig:1635: checking if global_symbol_pipe works
ltconfig:1636: gcc -c -g -O2  conftest.c 1>&5
ltconfig:1639: eval "/cygdrive/d/app/gcc-2.95.2/bin/nm -B conftest.o | sed -n -e 's/^.*[ 	]\([ABCDGISTW]\)[ 	][ 	]*\(_\)\([_A-Za-z][_A-Za-z0-9]*\)$/\1 \2\3 \3/p' > conftest.nm"
ltconfig:1691: gcc -o conftest -g -O2 -fno-builtin -fno-rtti -fno-exceptions   conftest.c conftstm.o 1>&5
configure:1662: checking for POSIXized ISC
configure:1686: checking for gcc option to accept ANSI C
configure:1739: gcc  -c -g -O2  conftest.c 1>&5
configure:1765: checking for function prototypes
configure:1924: checking for working const
configure:1978: gcc -c -g -O2  conftest.c 1>&5
configure:1999: checking for inline
configure:2013: gcc -c -g -O2  conftest.c 1>&5
configure:2043: checking for flex
configure:2080: checking for flex
configure:2114: checking for yywrap in -lfl
configure:2133: gcc -o conftest -g -O2   conftest.c -lfl   1>&5
configure:2156: checking lex output file root
configure:2177: checking whether yytext is a pointer
configure:2196: gcc -o conftest -g -O2   conftest.c  -lfl 1>&5
configure:2220: checking for ANSI C header files
configure:2233: gcc -E  conftest.c >/dev/null 2>conftest.out
configure:2300: gcc -o conftest -g -O2   conftest.c  1>&5
configure:2327: checking for limits.h
configure:2337: gcc -E  conftest.c >/dev/null 2>conftest.out
configure:2327: checking for locale.h
configure:2337: gcc -E  conftest.c >/dev/null 2>conftest.out
configure:2327: checking for memory.h
configure:2337: gcc -E  conftest.c >/dev/null 2>conftest.out
configure:2327: checking for stdbool.h
configure:2337: gcc -E  conftest.c >/dev/null 2>conftest.out
configure:2327: checking for stddef.h
configure:2337: gcc -E  conftest.c >/dev/null 2>conftest.out
configure:2327: checking for stdlib.h
configure:2337: gcc -E  conftest.c >/dev/null 2>conftest.out
configure:2327: checking for string.h
configure:2337: gcc -E  conftest.c >/dev/null 2>conftest.out
configure:2327: checking for unistd.h
configure:2337: gcc -E  conftest.c >/dev/null 2>conftest.out
configure:2327: checking for utime.h
configure:2337: gcc -E  conftest.c >/dev/null 2>conftest.out
configure:2333: utime.h: No such file or directory
configure: failed program was:
#line 2332 "configure"
#include "confdefs.h"
#include <utime.h>
configure:2364: checking return type of signal handlers
configure:2386: gcc -c -g -O2  conftest.c 1>&5
configure:2405: checking whether time.h and sys/time.h may both be included
configure:2419: gcc -c -g -O2  conftest.c 1>&5
configure:2444: checking for utime.h
configure:2482: checking for struct utimbuf
configure:2508: gcc -c -g -O2  conftest.c 1>&5
configure: In function `main':
configure:2504: storage size of `x' isn't known
configure: failed program was:
#line 2487 "configure"
#include "confdefs.h"

#ifdef TIME_WITH_SYS_TIME
# include <sys/time.h>
# include <time.h>
#else
# ifdef HAVE_SYS_TIME_H
#  include <sys/time.h>
# else
#  include <time.h>
# endif
#endif
#ifdef HAVE_UTIME_H
# include <utime.h>
#endif
      
int main() {
static struct utimbuf x; x.actime = x.modtime;
; return 0; }
configure:2534: checking for dup2
configure:2562: gcc -o conftest -g -O2   conftest.c  1>&5
configure:2534: checking for mbrtowc
configure:2562: gcc -o conftest -g -O2   conftest.c  1>&5
C:\TEMP\ccouaaaa.o: In function `main':
//c/misc/recode-3.6/configure:2556: undefined reference to `mbrtowc'
configure: failed program was:
#line 2539 "configure"
#include "confdefs.h"
/* System header to define __stub macros and hopefully few prototypes,
    which can conflict with char mbrtowc(); below.  */
#include <assert.h>
/* Override any gcc2 internal prototype to avoid an error.  */
/* We use char because int might match the return type of a gcc2
    builtin and then its argument prototype would still apply.  */
char mbrtowc();

int main() {

/* The GNU C library defines this for functions which it implements
    to always fail with ENOSYS.  Some functions are actually named
    something starting with __ and the normal name is an alias.  */
#if defined (__stub_mbrtowc) || defined (__stub___mbrtowc)
choke me
#else
mbrtowc();
#endif

; return 0; }
configure:2534: checking for rename
configure:2562: gcc -o conftest -g -O2   conftest.c  1>&5
configure:2534: checking for setlocale
configure:2562: gcc -o conftest -g -O2   conftest.c  1>&5
configure:2534: checking for strerror
configure:2562: gcc -o conftest -g -O2   conftest.c  1>&5
configure:2534: checking for strndup
configure:2562: gcc -o conftest -g -O2   conftest.c  1>&5
C:\TEMP\ccymaaaa.o: In function `main':
//c/misc/recode-3.6/configure:2556: undefined reference to `strndup'
configure: failed program was:
#line 2539 "configure"
#include "confdefs.h"
/* System header to define __stub macros and hopefully few prototypes,
    which can conflict with char strndup(); below.  */
#include <assert.h>
/* Override any gcc2 internal prototype to avoid an error.  */
/* We use char because int might match the return type of a gcc2
    builtin and then its argument prototype would still apply.  */
char strndup();

int main() {

/* The GNU C library defines this for functions which it implements
    to always fail with ENOSYS.  Some functions are actually named
    something starting with __ and the normal name is an alias.  */
#if defined (__stub_strndup) || defined (__stub___strndup)
choke me
#else
strndup();
#endif

; return 0; }
configure:2534: checking for wcrtomb
configure:2562: gcc -o conftest -g -O2   conftest.c  1>&5
C:\TEMP\ccXtaaaa.o: In function `main':
//c/misc/recode-3.6/configure:2556: undefined reference to `wcrtomb'
configure: failed program was:
#line 2539 "configure"
#include "confdefs.h"
/* System header to define __stub macros and hopefully few prototypes,
    which can conflict with char wcrtomb(); below.  */
#include <assert.h>
/* Override any gcc2 internal prototype to avoid an error.  */
/* We use char because int might match the return type of a gcc2
    builtin and then its argument prototype would still apply.  */
char wcrtomb();

int main() {

/* The GNU C library defines this for functions which it implements
    to always fail with ENOSYS.  Some functions are actually named
    something starting with __ and the normal name is an alias.  */
#if defined (__stub_wcrtomb) || defined (__stub___wcrtomb)
choke me
#else
wcrtomb();
#endif

; return 0; }
configure:2589: checking for strtol
configure:2617: gcc -o conftest -g -O2   conftest.c  1>&5
configure:2589: checking for strtoul
configure:2617: gcc -o conftest -g -O2   conftest.c  1>&5
configure:2646: checking for working alloca.h
configure:2658: gcc -o conftest -g -O2   conftest.c  1>&5
configure:2652: alloca.h: No such file or directory
configure: failed program was:
#line 2651 "configure"
#include "confdefs.h"
#include <alloca.h>
int main() {
char *p = alloca(2 * sizeof(int));
; return 0; }
configure:2679: checking for alloca
configure:2712: gcc -o conftest -g -O2   conftest.c  1>&5
configure:2878: checking for vprintf
configure:2906: gcc -o conftest -g -O2   conftest.c  1>&5
configure:2990: checking for working malloc
configure:3009: gcc -o conftest -g -O2   conftest.c  1>&5
configure:3041: checking for working realloc
configure:3060: gcc -o conftest -g -O2   conftest.c  1>&5
configure:3094: checking host system type
configure:3119: checking for langinfo.h
configure:3129: gcc -E  conftest.c >/dev/null 2>conftest.out
configure:3125: langinfo.h: No such file or directory
configure: failed program was:
#line 3124 "configure"
#include "confdefs.h"
#include <langinfo.h>
configure:3158: checking for nl_langinfo
configure:3186: gcc -o conftest -g -O2   conftest.c  1>&5
C:\TEMP\ccSuaaaa.o: In function `main':
//c/misc/recode-3.6/configure:3180: undefined reference to `nl_langinfo'
configure: failed program was:
#line 3163 "configure"
#include "confdefs.h"
/* System header to define __stub macros and hopefully few prototypes,
    which can conflict with char nl_langinfo(); below.  */
#include <assert.h>
/* Override any gcc2 internal prototype to avoid an error.  */
/* We use char because int might match the return type of a gcc2
    builtin and then its argument prototype would still apply.  */
char nl_langinfo();

int main() {

/* The GNU C library defines this for functions which it implements
    to always fail with ENOSYS.  Some functions are actually named
    something starting with __ and the normal name is an alias.  */
#if defined (__stub_nl_langinfo) || defined (__stub___nl_langinfo)
choke me
#else
nl_langinfo();
#endif

; return 0; }
configure:3212: checking for nl_langinfo and CODESET
configure:3224: gcc -o conftest -g -O2   conftest.c  1>&5
configure:3218: langinfo.h: No such file or directory
configure: failed program was:
#line 3217 "configure"
#include "confdefs.h"
#include <langinfo.h>
int main() {
char* cs = nl_langinfo(CODESET);
; return 0; }
configure:3247: checking whether we are using the GNU C Library 2.1 or newer
configure:3254: features.h: No such file or directory
configure:3284: checking if malloc debugging is wanted
configure:3307: checking whether NLS is wanted
configure:3344: checking for gettext
configure:3372: gcc -o conftest -g -O2   conftest.c  1>&5
C:\TEMP\cc7uaaaa.o: In function `main':
//c/misc/recode-3.6/configure:3366: undefined reference to `gettext'
configure: failed program was:
#line 3349 "configure"
#include "confdefs.h"
/* System header to define __stub macros and hopefully few prototypes,
    which can conflict with char gettext(); below.  */
#include <assert.h>
/* Override any gcc2 internal prototype to avoid an error.  */
/* We use char because int might match the return type of a gcc2
    builtin and then its argument prototype would still apply.  */
char gettext();

int main() {

/* The GNU C library defines this for functions which it implements
    to always fail with ENOSYS.  Some functions are actually named
    something starting with __ and the normal name is an alias.  */
#if defined (__stub_gettext) || defined (__stub___gettext)
choke me
#else
gettext();
#endif

; return 0; }
configure:3397: checking for gettext in -lintl
configure:3416: gcc -o conftest -g -O2   conftest.c -lintl   1>&5
configure:3438: checking whether the included gettext is preferred
configure:3566: checking for argz.h
configure:3576: gcc -E  conftest.c >/dev/null 2>conftest.out
configure:3572: argz.h: No such file or directory
configure: failed program was:
#line 3571 "configure"
#include "confdefs.h"
#include <argz.h>
configure:3566: checking for limits.h
configure:3566: checking for locale.h
configure:3566: checking for malloc.h
configure:3576: gcc -E  conftest.c >/dev/null 2>conftest.out
configure:3566: checking for string.h
configure:3566: checking for unistd.h
configure:3566: checking for sys/param.h
configure:3576: gcc -E  conftest.c >/dev/null 2>conftest.out
configure:3606: checking for unistd.h
configure:3645: checking for getpagesize
configure:3673: gcc -o conftest -g -O2   conftest.c  1>&5
configure:3698: checking for working mmap
configure:3846: gcc -o conftest -g -O2   conftest.c  1>&5
configure:3731: sys\mman.h: No such file or directory
configure: failed program was:
#line 3706 "configure"
#include "confdefs.h"

/* Thanks to Mike Haertel and Jim Avera for this test.
   Here is a matrix of mmap possibilities:
	mmap private not fixed
	mmap private fixed at somewhere currently unmapped
	mmap private fixed at somewhere already mapped
	mmap shared not fixed
	mmap shared fixed at somewhere currently unmapped
	mmap shared fixed at somewhere already mapped
   For private mappings, we should verify that changes cannot be read()
   back from the file, nor mmap's back from the file at a different
   address.  (There have been systems where private was not correctly
   implemented like the infamous i386 svr4.0, and systems where the
   VM page cache was not coherent with the filesystem buffer cache
   like early versions of FreeBSD and possibly contemporary NetBSD.)
   For shared mappings, we should conversely verify that changes get
   propogated back to all the places they're supposed to be.

   Grep wants private fixed already mapped.
   The main things grep needs to know about mmap are:
   * does it exist and is it safe to write into the mmap'd area
   * how to use it (BSD variants)  */
#include <sys/types.h>
#include <fcntl.h>
#include <sys/mman.h>

/* This mess was copied from the GNU getpagesize.h.  */
#ifndef HAVE_GETPAGESIZE
# ifdef HAVE_UNISTD_H
#  include <unistd.h>
# endif

/* Assume that all systems that can run configure have sys/param.h.  */
# ifndef HAVE_SYS_PARAM_H
#  define HAVE_SYS_PARAM_H 1
# endif

# ifdef _SC_PAGESIZE
#  define getpagesize() sysconf(_SC_PAGESIZE)
# else /* no _SC_PAGESIZE */
#  ifdef HAVE_SYS_PARAM_H
#   include <sys/param.h>
#   ifdef EXEC_PAGESIZE
#    define getpagesize() EXEC_PAGESIZE
#   else /* no EXEC_PAGESIZE */
#    ifdef NBPG
#     define getpagesize() NBPG * CLSIZE
#     ifndef CLSIZE
#      define CLSIZE 1
#     endif /* no CLSIZE */
#    else /* no NBPG */
#     ifdef NBPC
#      define getpagesize() NBPC
#     else /* no NBPC */
#      ifdef PAGESIZE
#       define getpagesize() PAGESIZE
#      endif /* PAGESIZE */
#     endif /* no NBPC */
#    endif /* no NBPG */
#   endif /* no EXEC_PAGESIZE */
#  else /* no HAVE_SYS_PARAM_H */
#   define getpagesize() 8192	/* punt totally */
#  endif /* no HAVE_SYS_PARAM_H */
# endif /* no _SC_PAGESIZE */

#endif /* no HAVE_GETPAGESIZE */

#ifdef __cplusplus
extern "C" { void *malloc(unsigned); }
#else
char *malloc();
#endif

int
main()
{
	char *data, *data2, *data3;
	int i, pagesize;
	int fd;

	pagesize = getpagesize();

	/*
	 * First, make a file with some known garbage in it.
	 */
	data = malloc(pagesize);
	if (!data)
		exit(1);
	for (i = 0; i < pagesize; ++i)
		*(data + i) = rand();
	umask(0);
	fd = creat("conftestmmap", 0600);
	if (fd < 0)
		exit(1);
	if (write(fd, data, pagesize) != pagesize)
		exit(1);
	close(fd);

	/*
	 * Next, try to mmap the file at a fixed address which
	 * already has something else allocated at it.  If we can,
	 * also make sure that we see the same garbage.
	 */
	fd = open("conftestmmap", O_RDWR);
	if (fd < 0)
		exit(1);
	data2 = malloc(2 * pagesize);
	if (!data2)
		exit(1);
	data2 += (pagesize - ((int) data2 & (pagesize - 1))) & (pagesize - 1);
	if (data2 != mmap(data2, pagesize, PROT_READ | PROT_WRITE,
	    MAP_PRIVATE | MAP_FIXED, fd, 0L))
		exit(1);
	for (i = 0; i < pagesize; ++i)
		if (*(data + i) != *(data2 + i))
			exit(1);

	/*
	 * Finally, make sure that changes to the mapped area
	 * do not percolate back to the file as seen by read().
	 * (This is a bug on some variants of i386 svr4.0.)
	 */
	for (i = 0; i < pagesize; ++i)
		*(data2 + i) = *(data2 + i) + 1;
	data3 = malloc(pagesize);
	if (!data3)
		exit(1);
	if (read(fd, data3, pagesize) != pagesize)
		exit(1);
	for (i = 0; i < pagesize; ++i)
		if (*(data + i) != *(data3 + i))
			exit(1);
	close(fd);
	unlink("conftestmmap");
	exit(0);
}

configure:3871: checking for getcwd
configure:3899: gcc -o conftest -g -O2   conftest.c  1>&5
configure:3871: checking for mempcpy
configure:3899: gcc -o conftest -g -O2   conftest.c  1>&5
C:\TEMP\cciraaaa.o: In function `main':
//c/misc/recode-3.6/configure:3893: undefined reference to `mempcpy'
configure: failed program was:
#line 3876 "configure"
#include "confdefs.h"
/* System header to define __stub macros and hopefully few prototypes,
    which can conflict with char mempcpy(); below.  */
#include <assert.h>
/* Override any gcc2 internal prototype to avoid an error.  */
/* We use char because int might match the return type of a gcc2
    builtin and then its argument prototype would still apply.  */
char mempcpy();

int main() {

/* The GNU C library defines this for functions which it implements
    to always fail with ENOSYS.  Some functions are actually named
    something starting with __ and the normal name is an alias.  */
#if defined (__stub_mempcpy) || defined (__stub___mempcpy)
choke me
#else
mempcpy();
#endif

; return 0; }
configure:3871: checking for munmap
configure:3899: gcc -o conftest -g -O2   conftest.c  1>&5
C:\TEMP\ccTsaaaa.o: In function `main':
//c/misc/recode-3.6/configure:3893: undefined reference to `munmap'
configure: failed program was:
#line 3876 "configure"
#include "confdefs.h"
/* System header to define __stub macros and hopefully few prototypes,
    which can conflict with char munmap(); below.  */
#include <assert.h>
/* Override any gcc2 internal prototype to avoid an error.  */
/* We use char because int might match the return type of a gcc2
    builtin and then its argument prototype would still apply.  */
char munmap();

int main() {

/* The GNU C library defines this for functions which it implements
    to always fail with ENOSYS.  Some functions are actually named
    something starting with __ and the normal name is an alias.  */
#if defined (__stub_munmap) || defined (__stub___munmap)
choke me
#else
munmap();
#endif

; return 0; }
configure:3871: checking for setlocale
configure:3871: checking for stpcpy
configure:3899: gcc -o conftest -g -O2   conftest.c  1>&5
C:\TEMP\ccxuaaaa.o: In function `main':
//c/misc/recode-3.6/configure:3893: undefined reference to `stpcpy'
configure: failed program was:
#line 3876 "configure"
#include "confdefs.h"
/* System header to define __stub macros and hopefully few prototypes,
    which can conflict with char stpcpy(); below.  */
#include <assert.h>
/* Override any gcc2 internal prototype to avoid an error.  */
/* We use char because int might match the return type of a gcc2
    builtin and then its argument prototype would still apply.  */
char stpcpy();

int main() {

/* The GNU C library defines this for functions which it implements
    to always fail with ENOSYS.  Some functions are actually named
    something starting with __ and the normal name is an alias.  */
#if defined (__stub_stpcpy) || defined (__stub___stpcpy)
choke me
#else
stpcpy();
#endif

; return 0; }
configure:3871: checking for strcasecmp
configure:3899: gcc -o conftest -g -O2   conftest.c  1>&5
configure:3871: checking for strchr
configure:3899: gcc -o conftest -g -O2   conftest.c  1>&5
configure:3871: checking for strdup
configure:3899: gcc -o conftest -g -O2   conftest.c  1>&5
configure:3871: checking for __argz_count
configure:3899: gcc -o conftest -g -O2   conftest.c  1>&5
C:\TEMP\ccHvaaaa.o: In function `main':
//c/misc/recode-3.6/configure:3893: undefined reference to `__argz_count'
configure: failed program was:
#line 3876 "configure"
#include "confdefs.h"
/* System header to define __stub macros and hopefully few prototypes,
    which can conflict with char __argz_count(); below.  */
#include <assert.h>
/* Override any gcc2 internal prototype to avoid an error.  */
/* We use char because int might match the return type of a gcc2
    builtin and then its argument prototype would still apply.  */
char __argz_count();

int main() {

/* The GNU C library defines this for functions which it implements
    to always fail with ENOSYS.  Some functions are actually named
    something starting with __ and the normal name is an alias.  */
#if defined (__stub___argz_count) || defined (__stub_____argz_count)
choke me
#else
__argz_count();
#endif

; return 0; }
configure:3871: checking for __argz_stringify
configure:3899: gcc -o conftest -g -O2   conftest.c  1>&5
C:\TEMP\cc1uaaaa.o: In function `main':
//c/misc/recode-3.6/configure:3893: undefined reference to `__argz_stringify'
configure: failed program was:
#line 3876 "configure"
#include "confdefs.h"
/* System header to define __stub macros and hopefully few prototypes,
    which can conflict with char __argz_stringify(); below.  */
#include <assert.h>
/* Override any gcc2 internal prototype to avoid an error.  */
/* We use char because int might match the return type of a gcc2
    builtin and then its argument prototype would still apply.  */
char __argz_stringify();

int main() {

/* The GNU C library defines this for functions which it implements
    to always fail with ENOSYS.  Some functions are actually named
    something starting with __ and the normal name is an alias.  */
#if defined (__stub___argz_stringify) || defined (__stub_____argz_stringify)
choke me
#else
__argz_stringify();
#endif

; return 0; }
configure:3871: checking for __argz_next
configure:3899: gcc -o conftest -g -O2   conftest.c  1>&5
C:\TEMP\ccznaaaa.o: In function `main':
//c/misc/recode-3.6/configure:3893: undefined reference to `__argz_next'
configure: failed program was:
#line 3876 "configure"
#include "confdefs.h"
/* System header to define __stub macros and hopefully few prototypes,
    which can conflict with char __argz_next(); below.  */
#include <assert.h>
/* Override any gcc2 internal prototype to avoid an error.  */
/* We use char because int might match the return type of a gcc2
    builtin and then its argument prototype would still apply.  */
char __argz_next();

int main() {

/* The GNU C library defines this for functions which it implements
    to always fail with ENOSYS.  Some functions are actually named
    something starting with __ and the normal name is an alias.  */
#if defined (__stub___argz_next) || defined (__stub_____argz_next)
choke me
#else
__argz_next();
#endif

; return 0; }
configure:3925: checking for LC_MESSAGES
configure:3937: gcc -o conftest -g -O2   conftest.c  1>&5
configure: In function `main':
configure:3934: `LC_MESSAGES' undeclared (first use in this function)
configure:3934: (Each undeclared identifier is reported only once
configure:3934: for each function it appears in.)
configure: failed program was:
#line 3930 "configure"
#include "confdefs.h"
#include <locale.h>
int main() {
return LC_MESSAGES
; return 0; }
configure:3972: checking which translations to install
