Microsoft HTML Help Compiler 4.73.8198

Compiling d:\usr\local\UnxUtils\help\UnxHlp.chm

toc.hhc

Compile time: 0 minutes, 9 seconds
31	Topics
0	Local links
0	Internet links
0	Graphics


Created d:\usr\local\UnxUtils\help\UnxHlp.chm, 219,967 bytes
Compression decreased file by 180,713 bytes.
Microsoft HTML Help Compiler 4.73.8198

Compiling d:\usr\local\UnxUtils\help\UnxHlp.chm

toc.hhc

Compile time: 0 minutes, 9 seconds
31	Topics
0	Local links
0	Internet links
0	Graphics


Created d:\usr\local\UnxUtils\help\UnxHlp.chm, 220,009 bytes
Compression decreased file by 181,979 bytes.
