This file contains any messages produced by compilers while
running configure, to aid debugging if configure makes a mistake.

It was created by configure, which was
generated by GNU Autoconf 2.57.  Invocation command line was

  $ ./configure 

## --------- ##
## Platform. ##
## --------- ##

hostname = FENRIS
uname -m = i686
uname -r = 1.3.1(0.38/3/2)
uname -s = CYGWIN_NT-4.0
uname -v = 2001-04-24 20:01

/usr/bin/uname -p = unknown
/bin/uname -X     = unknown

/bin/arch              = unknown
/usr/bin/arch -k       = unknown
/usr/convex/getsysinfo = unknown
hostinfo               = unknown
/bin/machine           = unknown
/usr/bin/oslevel       = unknown
/bin/universe          = unknown

PATH: //d/app/gcc-2.95.3/bin
PATH: /bin
PATH: /usr/bin
PATH: /usr/local/bin
PATH: /usr/local/sbin
PATH: /usr/local/lib
PATH: //d/app/Vim/vim60
PATH: /ghc/bin
PATH: /misc/hugs98
PATH: /winnt/system32
PATH: /winnt
PATH: /uti
PATH: //d/projects/cpp/bin
PATH: c
PATH: \Program Files\Microsoft Visual Studio\VC98\bin
PATH: C
PATH: \Program Files\Microsoft Visual Studio\Common\Tools
PATH: .
PATH: //d/app/tex/miktex/bin


## ----------- ##
## Core tests. ##
## ----------- ##

configure:1323: checking for a BSD-compatible install
configure:1377: result: /bin/install -c
configure:1388: checking whether build environment is sane
configure:1431: result: yes
configure:1464: checking for gawk
configure:1480: found /usr/local/bin/gawk
configure:1490: result: gawk
configure:1500: checking whether make sets $(MAKE)
configure:1520: result: yes
configure:1686: checking whether to enable maintainer-specific portions of Makefiles
configure:1695: result: no
configure:1711: checking for builtin ELF support
configure:1730: result: yes
configure:1739: checking for ELF core file support
configure:1758: result: yes
configure:1767: checking for file formats in man section 5
configure:1784: result: no
configure:1847: checking for gcc
configure:1863: found //d/app/gcc-2.95.3/bin/gcc
configure:1873: result: gcc
configure:2117: checking for C compiler version
configure:2120: gcc --version </dev/null >&5
2.95.3-6
configure:2123: $? = 0
configure:2125: gcc -v </dev/null >&5
Reading specs from d:/app/gcc-2.95.3/bin/../lib/gcc-lib/mingw32/2.95.3-6/specs
gcc version 2.95.3-6 (mingw special)
configure:2128: $? = 0
configure:2130: gcc -V </dev/null >&5
gcc.exe: argument to `-V' is missing
configure:2133: $? = 1
configure:2157: checking for C compiler default output
configure:2160: gcc    conftest.c  >&5
configure:2163: $? = 0
configure:2209: result: a.exe
configure:2214: checking whether the C compiler works
configure:2220: ./a.exe
configure:2223: $? = 0
configure:2240: result: yes
configure:2247: checking whether we are cross compiling
configure:2249: result: no
configure:2252: checking for suffix of executables
configure:2254: gcc -o conftest.exe    conftest.c  >&5
configure:2257: $? = 0
configure:2282: result: .exe
configure:2288: checking for suffix of object files
configure:2310: gcc -c   conftest.c >&5
configure:2313: $? = 0
configure:2335: result: o
configure:2339: checking whether we are using the GNU C compiler
configure:2364: gcc -c   conftest.c >&5
configure:2367: $? = 0
configure:2370: test -s conftest.o
configure:2373: $? = 0
configure:2386: result: yes
configure:2392: checking whether gcc accepts -g
configure:2414: gcc -c -g  conftest.c >&5
configure:2417: $? = 0
configure:2420: test -s conftest.o
configure:2423: $? = 0
configure:2434: result: yes
configure:2451: checking for gcc option to accept ANSI C
configure:2512: gcc  -c -g -O2  conftest.c >&5
configure:2515: $? = 0
configure:2518: test -s conftest.o
configure:2521: $? = 0
configure:2539: result: none needed
configure:2557: gcc -c -g -O2  conftest.c >&5
conftest.c:2: parse error before `me'
configure:2560: $? = 1
configure: failed program was:
| #ifndef __cplusplus
|   choke me
| #endif
configure:2679: checking for style of include used by make
configure:2707: result: GNU
configure:2735: checking dependency style of gcc
configure:2803: result: gcc
configure:2832: checking for a BSD-compatible install
configure:2886: result: /bin/install -c
configure:2897: checking whether ln -s works
configure:2901: result: yes
configure:2980: checking build system type
configure:2998: result: i686-pc-cygwin
configure:3006: checking host system type
configure:3020: result: i686-pc-cygwin
configure:3039: checking for ld used by GCC
configure:3102: result: d:/app/gcc-2.95.3/mingw32/bin/ld.exe
configure:3111: checking if the linker (d:/app/gcc-2.95.3/mingw32/bin/ld.exe) is GNU ld
GNU ld version 2.11.90 (with BFD 2.11.90)
configure:3123: result: yes
configure:3128: checking for d:/app/gcc-2.95.3/mingw32/bin/ld.exe option to reload object files
configure:3135: result: -r
configure:3140: checking for BSD-compatible nm
configure:3176: result: //d/app/gcc-2.95.3/bin/nm -B
configure:3179: checking how to recognise dependant libraries
configure:3338: result: file_magic file format pei*-i386(.*architecture: i386)?
configure:3529: checking for ranlib
configure:3545: found //d/app/gcc-2.95.3/bin/ranlib
configure:3556: result: ranlib
configure:3609: checking for strip
configure:3625: found //d/app/gcc-2.95.3/bin/strip
configure:3636: result: strip
ltconfig:678:checking for gcc option to produce PIC
ltconfig:687:checking that gcc PIC flag -DDLL_EXPORT -DPIC works.
ltconfig:697: gcc -c -g -O2 -DDLL_EXPORT -DPIC -DPIC  conftest.c 1>&5
ltconfig:749: checking if gcc static flag -static works
ltconfig:758: gcc -o conftest -g -O2   -static conftest.c  1>&5
ltconfig:780: finding the maximum length of command line arguments
ltconfig:@lineno@: result: 12289
ltconfig:833: checking if gcc supports -c -o file.o
ltconfig:834: gcc -c -g -O2 -o out/conftest2.o  conftest.c 1>&5
ltconfig:887: checking if gcc supports -fno-rtti -fno-exceptions
ltconfig:888: gcc -c -g -O2 -fno-rtti -fno-exceptions -c conftest.c  conftest.c 1>&5
ltconfig:1433: checking if global_symbol_pipe works
ltconfig:1434: gcc -c -g -O2  conftest.c 1>&5
ltconfig:1437: eval "//d/app/gcc-2.95.3/bin/nm -B conftest.o | sed -n -e 's/^.*[ 	]\([ABCDGISTW][ABCDGISTW]*\)[ 	][ 	]*\(\)\([_A-Za-z][_A-Za-z0-9]*\)$/\1 \2\3 \3/p' > conftest.nm"
cannot find nm_test_var in conftest.nm
ltconfig:1433: checking if global_symbol_pipe works
ltconfig:1434: gcc -c -g -O2  conftest.c 1>&5
ltconfig:1437: eval "//d/app/gcc-2.95.3/bin/nm -B conftest.o | sed -n -e 's/^.*[ 	]\([ABCDGISTW][ABCDGISTW]*\)[ 	][ 	]*\(_\)\([_A-Za-z][_A-Za-z0-9]*\)$/\1 \2\3 \3/p' > conftest.nm"
ltconfig:1489: gcc -o conftest -g -O2 -fno-builtin -fno-rtti -fno-exceptions   conftest.c conftstm.o 1>&5
configure:3884: checking how to run the C preprocessor
configure:3920: gcc -E  conftest.c
configure:3926: $? = 0
configure:3958: gcc -E  conftest.c
configure:3961: ac_nonexistent.h: No such file or directory
configure:3964: $? = 1
configure: failed program was:
| #line 3949 "configure"
| /* confdefs.h.  */
| 
| #define PACKAGE_NAME ""
| #define PACKAGE_TARNAME ""
| #define PACKAGE_VERSION ""
| #define PACKAGE_STRING ""
| #define PACKAGE_BUGREPORT ""
| #define PACKAGE "file"
| #define VERSION "4.02"
| #define BUILTIN_ELF 1
| #define ELFCORE 1
| /* end confdefs.h.  */
| #include <ac_nonexistent.h>
configure:4002: result: gcc -E
configure:4027: gcc -E  conftest.c
configure:4033: $? = 0
configure:4065: gcc -E  conftest.c
configure:4068: ac_nonexistent.h: No such file or directory
configure:4071: $? = 1
configure: failed program was:
| #line 4056 "configure"
| /* confdefs.h.  */
| 
| #define PACKAGE_NAME ""
| #define PACKAGE_TARNAME ""
| #define PACKAGE_VERSION ""
| #define PACKAGE_STRING ""
| #define PACKAGE_BUGREPORT ""
| #define PACKAGE "file"
| #define VERSION "4.02"
| #define BUILTIN_ELF 1
| #define ELFCORE 1
| /* end confdefs.h.  */
| #include <ac_nonexistent.h>
configure:4114: checking for egrep
configure:4124: result: grep -E
configure:4129: checking for ANSI C header files
configure:4155: gcc -c -g -O2  conftest.c >&5
configure:4158: $? = 0
configure:4161: test -s conftest.o
configure:4164: $? = 0
configure:4253: gcc -o conftest.exe -g -O2   conftest.c  >&5
configure:4256: $? = 0
configure:4258: ./conftest.exe
configure:4261: $? = 0
configure:4276: result: yes
configure:4300: checking for sys/types.h
configure:4317: gcc -c -g -O2  conftest.c >&5
configure:4320: $? = 0
configure:4323: test -s conftest.o
configure:4326: $? = 0
configure:4337: result: yes
configure:4300: checking for sys/stat.h
configure:4317: gcc -c -g -O2  conftest.c >&5
configure:4320: $? = 0
configure:4323: test -s conftest.o
configure:4326: $? = 0
configure:4337: result: yes
configure:4300: checking for stdlib.h
configure:4317: gcc -c -g -O2  conftest.c >&5
configure:4320: $? = 0
configure:4323: test -s conftest.o
configure:4326: $? = 0
configure:4337: result: yes
configure:4300: checking for string.h
configure:4317: gcc -c -g -O2  conftest.c >&5
configure:4320: $? = 0
configure:4323: test -s conftest.o
configure:4326: $? = 0
configure:4337: result: yes
configure:4300: checking for memory.h
configure:4317: gcc -c -g -O2  conftest.c >&5
configure:4320: $? = 0
configure:4323: test -s conftest.o
configure:4326: $? = 0
configure:4337: result: yes
configure:4300: checking for strings.h
configure:4317: gcc -c -g -O2  conftest.c >&5
configure:4358: strings.h: No such file or directory
configure:4320: $? = 1
configure: failed program was:
| #line 4305 "configure"
| /* confdefs.h.  */
| 
| #define PACKAGE_NAME ""
| #define PACKAGE_TARNAME ""
| #define PACKAGE_VERSION ""
| #define PACKAGE_STRING ""
| #define PACKAGE_BUGREPORT ""
| #define PACKAGE "file"
| #define VERSION "4.02"
| #define BUILTIN_ELF 1
| #define ELFCORE 1
| #define STDC_HEADERS 1
| #define HAVE_SYS_TYPES_H 1
| #define HAVE_SYS_STAT_H 1
| #define HAVE_STDLIB_H 1
| #define HAVE_STRING_H 1
| #define HAVE_MEMORY_H 1
| /* end confdefs.h.  */
| #include <stdio.h>
| #if HAVE_SYS_TYPES_H
| # include <sys/types.h>
| #endif
| #if HAVE_SYS_STAT_H
| # include <sys/stat.h>
| #endif
| #if STDC_HEADERS
| # include <stdlib.h>
| # include <stddef.h>
| #else
| # if HAVE_STDLIB_H
| #  include <stdlib.h>
| # endif
| #endif
| #if HAVE_STRING_H
| # if !STDC_HEADERS && HAVE_MEMORY_H
| #  include <memory.h>
| # endif
| # include <string.h>
| #endif
| #if HAVE_STRINGS_H
| # include <strings.h>
| #endif
| #if HAVE_INTTYPES_H
| # include <inttypes.h>
| #else
| # if HAVE_STDINT_H
| #  include <stdint.h>
| # endif
| #endif
| #if HAVE_UNISTD_H
| # include <unistd.h>
| #endif
| 
| #include <strings.h>
configure:4337: result: no
configure:4300: checking for inttypes.h
configure:4317: gcc -c -g -O2  conftest.c >&5
configure:4358: inttypes.h: No such file or directory
configure:4320: $? = 1
configure: failed program was:
| #line 4305 "configure"
| /* confdefs.h.  */
| 
| #define PACKAGE_NAME ""
| #define PACKAGE_TARNAME ""
| #define PACKAGE_VERSION ""
| #define PACKAGE_STRING ""
| #define PACKAGE_BUGREPORT ""
| #define PACKAGE "file"
| #define VERSION "4.02"
| #define BUILTIN_ELF 1
| #define ELFCORE 1
| #define STDC_HEADERS 1
| #define HAVE_SYS_TYPES_H 1
| #define HAVE_SYS_STAT_H 1
| #define HAVE_STDLIB_H 1
| #define HAVE_STRING_H 1
| #define HAVE_MEMORY_H 1
| /* end confdefs.h.  */
| #include <stdio.h>
| #if HAVE_SYS_TYPES_H
| # include <sys/types.h>
| #endif
| #if HAVE_SYS_STAT_H
| # include <sys/stat.h>
| #endif
| #if STDC_HEADERS
| # include <stdlib.h>
| # include <stddef.h>
| #else
| # if HAVE_STDLIB_H
| #  include <stdlib.h>
| # endif
| #endif
| #if HAVE_STRING_H
| # if !STDC_HEADERS && HAVE_MEMORY_H
| #  include <memory.h>
| # endif
| # include <string.h>
| #endif
| #if HAVE_STRINGS_H
| # include <strings.h>
| #endif
| #if HAVE_INTTYPES_H
| # include <inttypes.h>
| #else
| # if HAVE_STDINT_H
| #  include <stdint.h>
| # endif
| #endif
| #if HAVE_UNISTD_H
| # include <unistd.h>
| #endif
| 
| #include <inttypes.h>
configure:4337: result: no
configure:4300: checking for stdint.h
configure:4317: gcc -c -g -O2  conftest.c >&5
configure:4320: $? = 0
configure:4323: test -s conftest.o
configure:4326: $? = 0
configure:4337: result: yes
configure:4300: checking for unistd.h
configure:4317: gcc -c -g -O2  conftest.c >&5
configure:4320: $? = 0
configure:4323: test -s conftest.o
configure:4326: $? = 0
configure:4337: result: yes
configure:4349: checking whether sys/types.h defines makedev
configure:4371: gcc -o conftest.exe -g -O2   conftest.c  >&5
c:\TEMP\cc9taaaa.o: In function `main':
//c/misc/file-4.02/configure:4378: undefined reference to `makedev'
configure:4374: $? = 1
configure: failed program was:
| #line 4354 "configure"
| /* confdefs.h.  */
| 
| #define PACKAGE_NAME ""
| #define PACKAGE_TARNAME ""
| #define PACKAGE_VERSION ""
| #define PACKAGE_STRING ""
| #define PACKAGE_BUGREPORT ""
| #define PACKAGE "file"
| #define VERSION "4.02"
| #define BUILTIN_ELF 1
| #define ELFCORE 1
| #define STDC_HEADERS 1
| #define HAVE_SYS_TYPES_H 1
| #define HAVE_SYS_STAT_H 1
| #define HAVE_STDLIB_H 1
| #define HAVE_STRING_H 1
| #define HAVE_MEMORY_H 1
| #define HAVE_STDINT_H 1
| #define HAVE_UNISTD_H 1
| /* end confdefs.h.  */
| #include <sys/types.h>
| int
| main ()
| {
| return makedev(0, 0);
|   ;
|   return 0;
| }
configure:4392: result: no
configure:4406: checking sys/mkdev.h usability
configure:4419: gcc -c -g -O2  conftest.c >&5
configure:4462: sys/mkdev.h: No such file or directory
configure:4422: $? = 1
configure: failed program was:
| #line 4408 "configure"
| /* confdefs.h.  */
| 
| #define PACKAGE_NAME ""
| #define PACKAGE_TARNAME ""
| #define PACKAGE_VERSION ""
| #define PACKAGE_STRING ""
| #define PACKAGE_BUGREPORT ""
| #define PACKAGE "file"
| #define VERSION "4.02"
| #define BUILTIN_ELF 1
| #define ELFCORE 1
| #define STDC_HEADERS 1
| #define HAVE_SYS_TYPES_H 1
| #define HAVE_SYS_STAT_H 1
| #define HAVE_STDLIB_H 1
| #define HAVE_STRING_H 1
| #define HAVE_MEMORY_H 1
| #define HAVE_STDINT_H 1
| #define HAVE_UNISTD_H 1
| /* end confdefs.h.  */
| #include <stdio.h>
| #if HAVE_SYS_TYPES_H
| # include <sys/types.h>
| #endif
| #if HAVE_SYS_STAT_H
| # include <sys/stat.h>
| #endif
| #if STDC_HEADERS
| # include <stdlib.h>
| # include <stddef.h>
| #else
| # if HAVE_STDLIB_H
| #  include <stdlib.h>
| # endif
| #endif
| #if HAVE_STRING_H
| # if !STDC_HEADERS && HAVE_MEMORY_H
| #  include <memory.h>
| # endif
| # include <string.h>
| #endif
| #if HAVE_STRINGS_H
| # include <strings.h>
| #endif
| #if HAVE_INTTYPES_H
| # include <inttypes.h>
| #else
| # if HAVE_STDINT_H
| #  include <stdint.h>
| # endif
| #endif
| #if HAVE_UNISTD_H
| # include <unistd.h>
| #endif
| #include <sys/mkdev.h>
configure:4438: result: no
configure:4442: checking sys/mkdev.h presence
configure:4453: gcc -E  conftest.c
configure:4464: sys/mkdev.h: No such file or directory
configure:4459: $? = 1
configure: failed program was:
| #line 4444 "configure"
| /* confdefs.h.  */
| 
| #define PACKAGE_NAME ""
| #define PACKAGE_TARNAME ""
| #define PACKAGE_VERSION ""
| #define PACKAGE_STRING ""
| #define PACKAGE_BUGREPORT ""
| #define PACKAGE "file"
| #define VERSION "4.02"
| #define BUILTIN_ELF 1
| #define ELFCORE 1
| #define STDC_HEADERS 1
| #define HAVE_SYS_TYPES_H 1
| #define HAVE_SYS_STAT_H 1
| #define HAVE_STDLIB_H 1
| #define HAVE_STRING_H 1
| #define HAVE_MEMORY_H 1
| #define HAVE_STDINT_H 1
| #define HAVE_UNISTD_H 1
| /* end confdefs.h.  */
| #include <sys/mkdev.h>
configure:4478: result: no
configure:4514: checking for sys/mkdev.h
configure:4521: result: no
configure:4546: checking sys/sysmacros.h usability
configure:4559: gcc -c -g -O2  conftest.c >&5
configure:4602: sys/sysmacros.h: No such file or directory
configure:4562: $? = 1
configure: failed program was:
| #line 4548 "configure"
| /* confdefs.h.  */
| 
| #define PACKAGE_NAME ""
| #define PACKAGE_TARNAME ""
| #define PACKAGE_VERSION ""
| #define PACKAGE_STRING ""
| #define PACKAGE_BUGREPORT ""
| #define PACKAGE "file"
| #define VERSION "4.02"
| #define BUILTIN_ELF 1
| #define ELFCORE 1
| #define STDC_HEADERS 1
| #define HAVE_SYS_TYPES_H 1
| #define HAVE_SYS_STAT_H 1
| #define HAVE_STDLIB_H 1
| #define HAVE_STRING_H 1
| #define HAVE_MEMORY_H 1
| #define HAVE_STDINT_H 1
| #define HAVE_UNISTD_H 1
| /* end confdefs.h.  */
| #include <stdio.h>
| #if HAVE_SYS_TYPES_H
| # include <sys/types.h>
| #endif
| #if HAVE_SYS_STAT_H
| # include <sys/stat.h>
| #endif
| #if STDC_HEADERS
| # include <stdlib.h>
| # include <stddef.h>
| #else
| # if HAVE_STDLIB_H
| #  include <stdlib.h>
| # endif
| #endif
| #if HAVE_STRING_H
| # if !STDC_HEADERS && HAVE_MEMORY_H
| #  include <memory.h>
| # endif
| # include <string.h>
| #endif
| #if HAVE_STRINGS_H
| # include <strings.h>
| #endif
| #if HAVE_INTTYPES_H
| # include <inttypes.h>
| #else
| # if HAVE_STDINT_H
| #  include <stdint.h>
| # endif
| #endif
| #if HAVE_UNISTD_H
| # include <unistd.h>
| #endif
| #include <sys/sysmacros.h>
configure:4578: result: no
configure:4582: checking sys/sysmacros.h presence
configure:4593: gcc -E  conftest.c
configure:4604: sys/sysmacros.h: No such file or directory
configure:4599: $? = 1
configure: failed program was:
| #line 4584 "configure"
| /* confdefs.h.  */
| 
| #define PACKAGE_NAME ""
| #define PACKAGE_TARNAME ""
| #define PACKAGE_VERSION ""
| #define PACKAGE_STRING ""
| #define PACKAGE_BUGREPORT ""
| #define PACKAGE "file"
| #define VERSION "4.02"
| #define BUILTIN_ELF 1
| #define ELFCORE 1
| #define STDC_HEADERS 1
| #define HAVE_SYS_TYPES_H 1
| #define HAVE_SYS_STAT_H 1
| #define HAVE_STDLIB_H 1
| #define HAVE_STRING_H 1
| #define HAVE_MEMORY_H 1
| #define HAVE_STDINT_H 1
| #define HAVE_UNISTD_H 1
| /* end confdefs.h.  */
| #include <sys/sysmacros.h>
configure:4618: result: no
configure:4654: checking for sys/sysmacros.h
configure:4661: result: no
configure:4677: checking for sys/wait.h that is POSIX.1 compatible
configure:4709: gcc -c -g -O2  conftest.c >&5
configure:4703: sys/wait.h: No such file or directory
configure:4712: $? = 1
configure: failed program was:
| #line 4682 "configure"
| /* confdefs.h.  */
| 
| #define PACKAGE_NAME ""
| #define PACKAGE_TARNAME ""
| #define PACKAGE_VERSION ""
| #define PACKAGE_STRING ""
| #define PACKAGE_BUGREPORT ""
| #define PACKAGE "file"
| #define VERSION "4.02"
| #define BUILTIN_ELF 1
| #define ELFCORE 1
| #define STDC_HEADERS 1
| #define HAVE_SYS_TYPES_H 1
| #define HAVE_SYS_STAT_H 1
| #define HAVE_STDLIB_H 1
| #define HAVE_STRING_H 1
| #define HAVE_MEMORY_H 1
| #define HAVE_STDINT_H 1
| #define HAVE_UNISTD_H 1
| /* end confdefs.h.  */
| #include <sys/types.h>
| #include <sys/wait.h>
| #ifndef WEXITSTATUS
| # define WEXITSTATUS(stat_val) ((unsigned)(stat_val) >> 8)
| #endif
| #ifndef WIFEXITED
| # define WIFEXITED(stat_val) (((stat_val) & 255) == 0)
| #endif
| 
| int
| main ()
| {
|   int s;
|   wait (&s);
|   s = WIFEXITED (s) ? WEXITSTATUS (s) : 1;
|   ;
|   return 0;
| }
configure:4729: result: no
configure:4744: checking for stdint.h
configure:4749: result: yes
configure:4896: checking fcntl.h usability
configure:4909: gcc -c -g -O2  conftest.c >&5
configure:4912: $? = 0
configure:4915: test -s conftest.o
configure:4918: $? = 0
configure:4928: result: yes
configure:4932: checking fcntl.h presence
configure:4943: gcc -E  conftest.c
configure:4949: $? = 0
configure:4968: result: yes
configure:5004: checking for fcntl.h
configure:5011: result: yes
configure:4896: checking locale.h usability
configure:4909: gcc -c -g -O2  conftest.c >&5
configure:4912: $? = 0
configure:4915: test -s conftest.o
configure:4918: $? = 0
configure:4928: result: yes
configure:4932: checking locale.h presence
configure:4943: gcc -E  conftest.c
configure:4949: $? = 0
configure:4968: result: yes
configure:5004: checking for locale.h
configure:5011: result: yes
configure:5040: checking sys/mman.h usability
configure:5053: gcc -c -g -O2  conftest.c >&5
configure:5099: sys/mman.h: No such file or directory
configure:5056: $? = 1
configure: failed program was:
| #line 5042 "configure"
| /* confdefs.h.  */
| 
| #define PACKAGE_NAME ""
| #define PACKAGE_TARNAME ""
| #define PACKAGE_VERSION ""
| #define PACKAGE_STRING ""
| #define PACKAGE_BUGREPORT ""
| #define PACKAGE "file"
| #define VERSION "4.02"
| #define BUILTIN_ELF 1
| #define ELFCORE 1
| #define STDC_HEADERS 1
| #define HAVE_SYS_TYPES_H 1
| #define HAVE_SYS_STAT_H 1
| #define HAVE_STDLIB_H 1
| #define HAVE_STRING_H 1
| #define HAVE_MEMORY_H 1
| #define HAVE_STDINT_H 1
| #define HAVE_UNISTD_H 1
| #define HAVE_STDINT_H 1
| #define HAVE_FCNTL_H 1
| #define HAVE_LOCALE_H 1
| /* end confdefs.h.  */
| #include <stdio.h>
| #if HAVE_SYS_TYPES_H
| # include <sys/types.h>
| #endif
| #if HAVE_SYS_STAT_H
| # include <sys/stat.h>
| #endif
| #if STDC_HEADERS
| # include <stdlib.h>
| # include <stddef.h>
| #else
| # if HAVE_STDLIB_H
| #  include <stdlib.h>
| # endif
| #endif
| #if HAVE_STRING_H
| # if !STDC_HEADERS && HAVE_MEMORY_H
| #  include <memory.h>
| # endif
| # include <string.h>
| #endif
| #if HAVE_STRINGS_H
| # include <strings.h>
| #endif
| #if HAVE_INTTYPES_H
| # include <inttypes.h>
| #else
| # if HAVE_STDINT_H
| #  include <stdint.h>
| # endif
| #endif
| #if HAVE_UNISTD_H
| # include <unistd.h>
| #endif
| #include <sys/mman.h>
configure:5072: result: no
configure:5076: checking sys/mman.h presence
configure:5087: gcc -E  conftest.c
configure:5101: sys/mman.h: No such file or directory
configure:5093: $? = 1
configure: failed program was:
| #line 5078 "configure"
| /* confdefs.h.  */
| 
| #define PACKAGE_NAME ""
| #define PACKAGE_TARNAME ""
| #define PACKAGE_VERSION ""
| #define PACKAGE_STRING ""
| #define PACKAGE_BUGREPORT ""
| #define PACKAGE "file"
| #define VERSION "4.02"
| #define BUILTIN_ELF 1
| #define ELFCORE 1
| #define STDC_HEADERS 1
| #define HAVE_SYS_TYPES_H 1
| #define HAVE_SYS_STAT_H 1
| #define HAVE_STDLIB_H 1
| #define HAVE_STRING_H 1
| #define HAVE_MEMORY_H 1
| #define HAVE_STDINT_H 1
| #define HAVE_UNISTD_H 1
| #define HAVE_STDINT_H 1
| #define HAVE_FCNTL_H 1
| #define HAVE_LOCALE_H 1
| /* end confdefs.h.  */
| #include <sys/mman.h>
configure:5112: result: no
configure:5148: checking for sys/mman.h
configure:5155: result: no
configure:5031: checking for sys/stat.h
configure:5036: result: yes
configure:5031: checking for sys/types.h
configure:5036: result: yes
configure:5174: checking for stdint.h
configure:5179: result: yes
configure:5174: checking for inttypes.h
configure:5179: result: no
configure:5316: checking for unistd.h
configure:5321: result: yes
configure:5467: checking getopt.h usability
configure:5480: gcc -c -g -O2  conftest.c >&5
configure:5483: $? = 0
configure:5486: test -s conftest.o
configure:5489: $? = 0
configure:5499: result: yes
configure:5503: checking getopt.h presence
configure:5514: gcc -E  conftest.c
configure:5520: $? = 0
configure:5539: result: yes
configure:5575: checking for getopt.h
configure:5582: result: yes
configure:5600: checking for locale.h
configure:5605: result: yes
configure:5738: checking for an ANSI C-conforming const
configure:5806: gcc -c -g -O2  conftest.c >&5
configure:5809: $? = 0
configure:5812: test -s conftest.o
configure:5815: $? = 0
configure:5826: result: yes
configure:5836: checking for off_t
configure:5861: gcc -c -g -O2  conftest.c >&5
configure:5864: $? = 0
configure:5867: test -s conftest.o
configure:5870: $? = 0
configure:5881: result: yes
configure:5893: checking for size_t
configure:5918: gcc -c -g -O2  conftest.c >&5
configure:5921: $? = 0
configure:5924: test -s conftest.o
configure:5927: $? = 0
configure:5938: result: yes
configure:5951: checking for struct stat.st_rdev
configure:5975: gcc -c -g -O2  conftest.c >&5
configure:5978: $? = 0
configure:5981: test -s conftest.o
configure:5984: $? = 0
configure:6032: result: yes
configure:6048: checking whether struct tm is in sys/time.h or time.h
configure:6072: gcc -c -g -O2  conftest.c >&5
configure:6075: $? = 0
configure:6078: test -s conftest.o
configure:6081: $? = 0
configure:6092: result: time.h
configure:6102: checking for tm_zone in struct tm
configure:6125: gcc -c -g -O2  conftest.c >&5
configure: In function `main':
configure:6143: structure has no member named `tm_zone'
configure:6128: $? = 1
configure: failed program was:
| #line 6107 "configure"
| /* confdefs.h.  */
| 
| #define PACKAGE_NAME ""
| #define PACKAGE_TARNAME ""
| #define PACKAGE_VERSION ""
| #define PACKAGE_STRING ""
| #define PACKAGE_BUGREPORT ""
| #define PACKAGE "file"
| #define VERSION "4.02"
| #define BUILTIN_ELF 1
| #define ELFCORE 1
| #define STDC_HEADERS 1
| #define HAVE_SYS_TYPES_H 1
| #define HAVE_SYS_STAT_H 1
| #define HAVE_STDLIB_H 1
| #define HAVE_STRING_H 1
| #define HAVE_MEMORY_H 1
| #define HAVE_STDINT_H 1
| #define HAVE_UNISTD_H 1
| #define HAVE_STDINT_H 1
| #define HAVE_FCNTL_H 1
| #define HAVE_LOCALE_H 1
| #define HAVE_SYS_STAT_H 1
| #define HAVE_SYS_TYPES_H 1
| #define HAVE_STDINT_H 1
| #define HAVE_UNISTD_H 1
| #define HAVE_GETOPT_H 1
| #define HAVE_LOCALE_H 1
| #define HAVE_STRUCT_STAT_ST_RDEV 1
| #define HAVE_ST_RDEV 1
| /* end confdefs.h.  */
| #include <sys/types.h>
| #include <time.h>
| int
| main ()
| {
| struct tm tm; tm.tm_zone;
|   ;
|   return 0;
| }
configure:6145: result: no
configure:6154: checking for tzname
configure:6179: gcc -o conftest.exe -g -O2   conftest.c  >&5
c:\TEMP\ccxraaaa.o: In function `main':
//c/misc/file-4.02/configure:6197: undefined reference to `tzname'
configure:6182: $? = 1
configure: failed program was:
| #line 6159 "configure"
| /* confdefs.h.  */
| 
| #define PACKAGE_NAME ""
| #define PACKAGE_TARNAME ""
| #define PACKAGE_VERSION ""
| #define PACKAGE_STRING ""
| #define PACKAGE_BUGREPORT ""
| #define PACKAGE "file"
| #define VERSION "4.02"
| #define BUILTIN_ELF 1
| #define ELFCORE 1
| #define STDC_HEADERS 1
| #define HAVE_SYS_TYPES_H 1
| #define HAVE_SYS_STAT_H 1
| #define HAVE_STDLIB_H 1
| #define HAVE_STRING_H 1
| #define HAVE_MEMORY_H 1
| #define HAVE_STDINT_H 1
| #define HAVE_UNISTD_H 1
| #define HAVE_STDINT_H 1
| #define HAVE_FCNTL_H 1
| #define HAVE_LOCALE_H 1
| #define HAVE_SYS_STAT_H 1
| #define HAVE_SYS_TYPES_H 1
| #define HAVE_STDINT_H 1
| #define HAVE_UNISTD_H 1
| #define HAVE_GETOPT_H 1
| #define HAVE_LOCALE_H 1
| #define HAVE_STRUCT_STAT_ST_RDEV 1
| #define HAVE_ST_RDEV 1
| /* end confdefs.h.  */
| #include <time.h>
| #ifndef tzname /* For SGI.  */
| extern char *tzname[]; /* RS6000 and others reject char **tzname.  */
| #endif
| int
| main ()
| {
| atoi(*tzname);
|   ;
|   return 0;
| }
configure:6199: result: no
configure:6209: checking for tm_isdst in struct tm
configure:6232: gcc -c -g -O2  conftest.c >&5
configure:6235: $? = 0
configure:6238: test -s conftest.o
configure:6241: $? = 0
configure:6252: result: yes
configure:6260: checking for daylight
configure:6285: gcc -o conftest.exe -g -O2   conftest.c  >&5
c:\TEMP\ccjsaaaa.o: In function `main':
//c/misc/file-4.02/configure:6304: undefined reference to `daylight'
configure:6288: $? = 1
configure: failed program was:
| #line 6265 "configure"
| /* confdefs.h.  */
| 
| #define PACKAGE_NAME ""
| #define PACKAGE_TARNAME ""
| #define PACKAGE_VERSION ""
| #define PACKAGE_STRING ""
| #define PACKAGE_BUGREPORT ""
| #define PACKAGE "file"
| #define VERSION "4.02"
| #define BUILTIN_ELF 1
| #define ELFCORE 1
| #define STDC_HEADERS 1
| #define HAVE_SYS_TYPES_H 1
| #define HAVE_SYS_STAT_H 1
| #define HAVE_STDLIB_H 1
| #define HAVE_STRING_H 1
| #define HAVE_MEMORY_H 1
| #define HAVE_STDINT_H 1
| #define HAVE_UNISTD_H 1
| #define HAVE_STDINT_H 1
| #define HAVE_FCNTL_H 1
| #define HAVE_LOCALE_H 1
| #define HAVE_SYS_STAT_H 1
| #define HAVE_SYS_TYPES_H 1
| #define HAVE_STDINT_H 1
| #define HAVE_UNISTD_H 1
| #define HAVE_GETOPT_H 1
| #define HAVE_LOCALE_H 1
| #define HAVE_STRUCT_STAT_ST_RDEV 1
| #define HAVE_ST_RDEV 1
| #define HAVE_TM_ISDST 1
| /* end confdefs.h.  */
| #include <time.h>
| #ifndef daylight /* In case IRIX #defines this, too  */
| extern int daylight;
| #endif
| int
| main ()
| {
| atoi(daylight);
|   ;
|   return 0;
| }
configure:6305: result: no
configure:6323: checking for special C compiler options needed for large files=

configure:6426: result: no
configure:6432: checking for _FILE_OFFSET_BITS value needed for large files
configure:6464: gcc -c -g -O2  conftest.c >&5
configure:6476: warning: left shift count >= width of type
configure:6476: warning: left shift count >= width of type
configure:6478: size of array `off_t_is_large' is negative
configure:6467: $? = 1
configure: failed program was:
| #line 6438 "configure"
| /* confdefs.h.  */
| 
| #define PACKAGE_NAME ""
| #define PACKAGE_TARNAME ""
| #define PACKAGE_VERSION ""
| #define PACKAGE_STRING ""
| #define PACKAGE_BUGREPORT ""
| #define PACKAGE "file"
| #define VERSION "4.02"
| #define BUILTIN_ELF 1
| #define ELFCORE 1
| #define STDC_HEADERS 1
| #define HAVE_SYS_TYPES_H 1
| #define HAVE_SYS_STAT_H 1
| #define HAVE_STDLIB_H 1
| #define HAVE_STRING_H 1
| #define HAVE_MEMORY_H 1
| #define HAVE_STDINT_H 1
| #define HAVE_UNISTD_H 1
| #define HAVE_STDINT_H 1
| #define HAVE_FCNTL_H 1
| #define HAVE_LOCALE_H 1
| #define HAVE_SYS_STAT_H 1
| #define HAVE_SYS_TYPES_H 1
| #define HAVE_STDINT_H 1
| #define HAVE_UNISTD_H 1
| #define HAVE_GETOPT_H 1
| #define HAVE_LOCALE_H 1
| #define HAVE_STRUCT_STAT_ST_RDEV 1
| #define HAVE_ST_RDEV 1
| #define HAVE_TM_ISDST 1
| /* end confdefs.h.  */
| #include <sys/types.h>
|     /* Check that off_t can represent 2**63 - 1 correctly.
|        We can't simply "#define LARGE_OFF_T 9223372036854775807",
|        since some C++ compilers masquerading as C compilers
|        incorrectly reject 9223372036854775807.  */
| #   define LARGE_OFF_T (((off_t) 1 << 62) - 1 + ((off_t) 1 << 62))
|     int off_t_is_large[(LARGE_OFF_T % 2147483629 == 721
| 			&& LARGE_OFF_T % 2147483647 == 1)
| 		       ? 1 : -1];
| 
| int
| main ()
| {
| 
|   ;
|   return 0;
| }
configure:6508: gcc -c -g -O2  conftest.c >&5
configure:6519: warning: left shift count >= width of type
configure:6519: warning: left shift count >= width of type
configure:6521: size of array `off_t_is_large' is negative
configure:6511: $? = 1
configure: failed program was:
| #line 6480 "configure"
| /* confdefs.h.  */
| 
| #define PACKAGE_NAME ""
| #define PACKAGE_TARNAME ""
| #define PACKAGE_VERSION ""
| #define PACKAGE_STRING ""
| #define PACKAGE_BUGREPORT ""
| #define PACKAGE "file"
| #define VERSION "4.02"
| #define BUILTIN_ELF 1
| #define ELFCORE 1
| #define STDC_HEADERS 1
| #define HAVE_SYS_TYPES_H 1
| #define HAVE_SYS_STAT_H 1
| #define HAVE_STDLIB_H 1
| #define HAVE_STRING_H 1
| #define HAVE_MEMORY_H 1
| #define HAVE_STDINT_H 1
| #define HAVE_UNISTD_H 1
| #define HAVE_STDINT_H 1
| #define HAVE_FCNTL_H 1
| #define HAVE_LOCALE_H 1
| #define HAVE_SYS_STAT_H 1
| #define HAVE_SYS_TYPES_H 1
| #define HAVE_STDINT_H 1
| #define HAVE_UNISTD_H 1
| #define HAVE_GETOPT_H 1
| #define HAVE_LOCALE_H 1
| #define HAVE_STRUCT_STAT_ST_RDEV 1
| #define HAVE_ST_RDEV 1
| #define HAVE_TM_ISDST 1
| /* end confdefs.h.  */
| #define _FILE_OFFSET_BITS 64
| #include <sys/types.h>
|     /* Check that off_t can represent 2**63 - 1 correctly.
|        We can't simply "#define LARGE_OFF_T 9223372036854775807",
|        since some C++ compilers masquerading as C compilers
|        incorrectly reject 9223372036854775807.  */
| #   define LARGE_OFF_T (((off_t) 1 << 62) - 1 + ((off_t) 1 << 62))
|     int off_t_is_large[(LARGE_OFF_T % 2147483629 == 721
| 			&& LARGE_OFF_T % 2147483647 == 1)
| 		       ? 1 : -1];
| 
| 
| int
| main ()
| {
| 
|   ;
|   return 0;
| }
configure:6529: result: no
configure:6538: checking for _LARGE_FILES value needed for large files
configure:6570: gcc -c -g -O2  conftest.c >&5
configure:6582: warning: left shift count >= width of type
configure:6582: warning: left shift count >= width of type
configure:6584: size of array `off_t_is_large' is negative
configure:6573: $? = 1
configure: failed program was:
| #line 6544 "configure"
| /* confdefs.h.  */
| 
| #define PACKAGE_NAME ""
| #define PACKAGE_TARNAME ""
| #define PACKAGE_VERSION ""
| #define PACKAGE_STRING ""
| #define PACKAGE_BUGREPORT ""
| #define PACKAGE "file"
| #define VERSION "4.02"
| #define BUILTIN_ELF 1
| #define ELFCORE 1
| #define STDC_HEADERS 1
| #define HAVE_SYS_TYPES_H 1
| #define HAVE_SYS_STAT_H 1
| #define HAVE_STDLIB_H 1
| #define HAVE_STRING_H 1
| #define HAVE_MEMORY_H 1
| #define HAVE_STDINT_H 1
| #define HAVE_UNISTD_H 1
| #define HAVE_STDINT_H 1
| #define HAVE_FCNTL_H 1
| #define HAVE_LOCALE_H 1
| #define HAVE_SYS_STAT_H 1
| #define HAVE_SYS_TYPES_H 1
| #define HAVE_STDINT_H 1
| #define HAVE_UNISTD_H 1
| #define HAVE_GETOPT_H 1
| #define HAVE_LOCALE_H 1
| #define HAVE_STRUCT_STAT_ST_RDEV 1
| #define HAVE_ST_RDEV 1
| #define HAVE_TM_ISDST 1
| /* end confdefs.h.  */
| #include <sys/types.h>
|     /* Check that off_t can represent 2**63 - 1 correctly.
|        We can't simply "#define LARGE_OFF_T 9223372036854775807",
|        since some C++ compilers masquerading as C compilers
|        incorrectly reject 9223372036854775807.  */
| #   define LARGE_OFF_T (((off_t) 1 << 62) - 1 + ((off_t) 1 << 62))
|     int off_t_is_large[(LARGE_OFF_T % 2147483629 == 721
| 			&& LARGE_OFF_T % 2147483647 == 1)
| 		       ? 1 : -1];
| 
| int
| main ()
| {
| 
|   ;
|   return 0;
| }
configure:6614: gcc -c -g -O2  conftest.c >&5
configure:6625: warning: left shift count >= width of type
configure:6625: warning: left shift count >= width of type
configure:6627: size of array `off_t_is_large' is negative
configure:6617: $? = 1
configure: failed program was:
| #line 6586 "configure"
| /* confdefs.h.  */
| 
| #define PACKAGE_NAME ""
| #define PACKAGE_TARNAME ""
| #define PACKAGE_VERSION ""
| #define PACKAGE_STRING ""
| #define PACKAGE_BUGREPORT ""
| #define PACKAGE "file"
| #define VERSION "4.02"
| #define BUILTIN_ELF 1
| #define ELFCORE 1
| #define STDC_HEADERS 1
| #define HAVE_SYS_TYPES_H 1
| #define HAVE_SYS_STAT_H 1
| #define HAVE_STDLIB_H 1
| #define HAVE_STRING_H 1
| #define HAVE_MEMORY_H 1
| #define HAVE_STDINT_H 1
| #define HAVE_UNISTD_H 1
| #define HAVE_STDINT_H 1
| #define HAVE_FCNTL_H 1
| #define HAVE_LOCALE_H 1
| #define HAVE_SYS_STAT_H 1
| #define HAVE_SYS_TYPES_H 1
| #define HAVE_STDINT_H 1
| #define HAVE_UNISTD_H 1
| #define HAVE_GETOPT_H 1
| #define HAVE_LOCALE_H 1
| #define HAVE_STRUCT_STAT_ST_RDEV 1
| #define HAVE_ST_RDEV 1
| #define HAVE_TM_ISDST 1
| /* end confdefs.h.  */
| #define _LARGE_FILES 1
| #include <sys/types.h>
|     /* Check that off_t can represent 2**63 - 1 correctly.
|        We can't simply "#define LARGE_OFF_T 9223372036854775807",
|        since some C++ compilers masquerading as C compilers
|        incorrectly reject 9223372036854775807.  */
| #   define LARGE_OFF_T (((off_t) 1 << 62) - 1 + ((off_t) 1 << 62))
|     int off_t_is_large[(LARGE_OFF_T % 2147483629 == 721
| 			&& LARGE_OFF_T % 2147483647 == 1)
| 		       ? 1 : -1];
| 
| 
| int
| main ()
| {
| 
|   ;
|   return 0;
| }
configure:6635: result: no
configure:6647: checking for uint8_t
configure:6677: result: yes
configure:6686: checking for uint16_t
configure:6716: result: yes
configure:6725: checking for uint32_t
configure:6755: result: yes
configure:6764: checking for int32_t
configure:6794: result: yes
configure:6803: checking for long long
configure:6853: result: yes
configure:6867: checking for uint64_t
configure:6898: result: yes
configure:6910: checking size of uint8_t
configure:6943: gcc -o conftest.exe -g -O2   conftest.c  >&5
configure:6946: $? = 0
configure:6948: ./conftest.exe
configure:6951: $? = 0
configure:6965: result: 1
configure:6973: checking size of uint16_t
configure:7006: gcc -o conftest.exe -g -O2   conftest.c  >&5
configure:7009: $? = 0
configure:7011: ./conftest.exe
configure:7014: $? = 0
configure:7028: result: 2
configure:7036: checking size of uint32_t
configure:7069: gcc -o conftest.exe -g -O2   conftest.c  >&5
configure:7072: $? = 0
configure:7074: ./conftest.exe
configure:7077: $? = 0
configure:7091: result: 4
configure:7099: checking size of uint64_t
configure:7132: gcc -o conftest.exe -g -O2   conftest.c  >&5
configure:7135: $? = 0
configure:7137: ./conftest.exe
configure:7140: $? = 0
configure:7154: result: 8
configure:7171: checking for mmap
configure:7221: gcc -o conftest.exe -g -O2   conftest.c  >&5
c:\TEMP\cc3qaaaa.o: In function `main':
//c/misc/file-4.02/configure:7245: undefined reference to `mmap'
c:\TEMP\cc3qaaaa.o: In function `main':
//c/misc/file-4.02/conftest.c(.data+0x0): undefined reference to `mmap'
configure:7224: $? = 1
configure: failed program was:
| #line 7176 "configure"
| /* confdefs.h.  */
| 
| #define PACKAGE_NAME ""
| #define PACKAGE_TARNAME ""
| #define PACKAGE_VERSION ""
| #define PACKAGE_STRING ""
| #define PACKAGE_BUGREPORT ""
| #define PACKAGE "file"
| #define VERSION "4.02"
| #define BUILTIN_ELF 1
| #define ELFCORE 1
| #define STDC_HEADERS 1
| #define HAVE_SYS_TYPES_H 1
| #define HAVE_SYS_STAT_H 1
| #define HAVE_STDLIB_H 1
| #define HAVE_STRING_H 1
| #define HAVE_MEMORY_H 1
| #define HAVE_STDINT_H 1
| #define HAVE_UNISTD_H 1
| #define HAVE_STDINT_H 1
| #define HAVE_FCNTL_H 1
| #define HAVE_LOCALE_H 1
| #define HAVE_SYS_STAT_H 1
| #define HAVE_SYS_TYPES_H 1
| #define HAVE_STDINT_H 1
| #define HAVE_UNISTD_H 1
| #define HAVE_GETOPT_H 1
| #define HAVE_LOCALE_H 1
| #define HAVE_STRUCT_STAT_ST_RDEV 1
| #define HAVE_ST_RDEV 1
| #define HAVE_TM_ISDST 1
| #define HAVE_LONG_LONG 1
| #define SIZEOF_UINT8_T 1
| #define SIZEOF_UINT16_T 2
| #define SIZEOF_UINT32_T 4
| #define SIZEOF_UINT64_T 8
| /* end confdefs.h.  */
| /* System header to define __stub macros and hopefully few prototypes,
|     which can conflict with char mmap (); below.
|     Prefer <limits.h> to <assert.h> if __STDC__ is defined, since
|     <limits.h> exists even on freestanding compilers.  */
| #ifdef __STDC__
| # include <limits.h>
| #else
| # include <assert.h>
| #endif
| /* Override any gcc2 internal prototype to avoid an error.  */
| #ifdef __cplusplus
| extern "C"
| {
| #endif
| /* We use char because int might match the return type of a gcc2
|    builtin and then its argument prototype would still apply.  */
| char mmap ();
| /* The GNU C library defines this for functions which it implements
|     to always fail with ENOSYS.  Some functions are actually named
|     something starting with __ and the normal name is an alias.  */
| #if defined (__stub_mmap) || defined (__stub___mmap)
| choke me
| #else
| char (*f) () = mmap;
| #endif
| #ifdef __cplusplus
| }
| #endif
| 
| int
| main ()
| {
| return f != mmap;
|   ;
|   return 0;
| }
configure:7241: result: no
configure:7171: checking for strerror
configure:7221: gcc -o conftest.exe -g -O2   conftest.c  >&5
configure:7224: $? = 0
configure:7227: test -s conftest.exe
configure:7230: $? = 0
configure:7241: result: yes
configure:7171: checking for strtoul
configure:7221: gcc -o conftest.exe -g -O2   conftest.c  >&5
configure:7224: $? = 0
configure:7227: test -s conftest.exe
configure:7230: $? = 0
configure:7241: result: yes
configure:7171: checking for mkstemp
configure:7221: gcc -o conftest.exe -g -O2   conftest.c  >&5
c:\TEMP\ccbtaaaa.o: In function `main':
//c/misc/file-4.02/configure:7247: undefined reference to `mkstemp'
c:\TEMP\ccbtaaaa.o: In function `main':
//c/misc/file-4.02/conftest.c(.data+0x0): undefined reference to `mkstemp'
configure:7224: $? = 1
configure: failed program was:
| #line 7176 "configure"
| /* confdefs.h.  */
| 
| #define PACKAGE_NAME ""
| #define PACKAGE_TARNAME ""
| #define PACKAGE_VERSION ""
| #define PACKAGE_STRING ""
| #define PACKAGE_BUGREPORT ""
| #define PACKAGE "file"
| #define VERSION "4.02"
| #define BUILTIN_ELF 1
| #define ELFCORE 1
| #define STDC_HEADERS 1
| #define HAVE_SYS_TYPES_H 1
| #define HAVE_SYS_STAT_H 1
| #define HAVE_STDLIB_H 1
| #define HAVE_STRING_H 1
| #define HAVE_MEMORY_H 1
| #define HAVE_STDINT_H 1
| #define HAVE_UNISTD_H 1
| #define HAVE_STDINT_H 1
| #define HAVE_FCNTL_H 1
| #define HAVE_LOCALE_H 1
| #define HAVE_SYS_STAT_H 1
| #define HAVE_SYS_TYPES_H 1
| #define HAVE_STDINT_H 1
| #define HAVE_UNISTD_H 1
| #define HAVE_GETOPT_H 1
| #define HAVE_LOCALE_H 1
| #define HAVE_STRUCT_STAT_ST_RDEV 1
| #define HAVE_ST_RDEV 1
| #define HAVE_TM_ISDST 1
| #define HAVE_LONG_LONG 1
| #define SIZEOF_UINT8_T 1
| #define SIZEOF_UINT16_T 2
| #define SIZEOF_UINT32_T 4
| #define SIZEOF_UINT64_T 8
| #define HAVE_STRERROR 1
| #define HAVE_STRTOUL 1
| /* end confdefs.h.  */
| /* System header to define __stub macros and hopefully few prototypes,
|     which can conflict with char mkstemp (); below.
|     Prefer <limits.h> to <assert.h> if __STDC__ is defined, since
|     <limits.h> exists even on freestanding compilers.  */
| #ifdef __STDC__
| # include <limits.h>
| #else
| # include <assert.h>
| #endif
| /* Override any gcc2 internal prototype to avoid an error.  */
| #ifdef __cplusplus
| extern "C"
| {
| #endif
| /* We use char because int might match the return type of a gcc2
|    builtin and then its argument prototype would still apply.  */
| char mkstemp ();
| /* The GNU C library defines this for functions which it implements
|     to always fail with ENOSYS.  Some functions are actually named
|     something starting with __ and the normal name is an alias.  */
| #if defined (__stub_mkstemp) || defined (__stub___mkstemp)
| choke me
| #else
| char (*f) () = mkstemp;
| #endif
| #ifdef __cplusplus
| }
| #endif
| 
| int
| main ()
| {
| return f != mkstemp;
|   ;
|   return 0;
| }
configure:7241: result: no
configure:7171: checking for getopt_long
configure:7221: gcc -o conftest.exe -g -O2   conftest.c  >&5
c:\TEMP\cccuaaaa.o: In function `main':
//c/misc/file-4.02/configure:7247: undefined reference to `getopt_long'
c:\TEMP\cccuaaaa.o: In function `main':
//c/misc/file-4.02/conftest.c(.data+0x0): undefined reference to `getopt_long'
configure:7224: $? = 1
configure: failed program was:
| #line 7176 "configure"
| /* confdefs.h.  */
| 
| #define PACKAGE_NAME ""
| #define PACKAGE_TARNAME ""
| #define PACKAGE_VERSION ""
| #define PACKAGE_STRING ""
| #define PACKAGE_BUGREPORT ""
| #define PACKAGE "file"
| #define VERSION "4.02"
| #define BUILTIN_ELF 1
| #define ELFCORE 1
| #define STDC_HEADERS 1
| #define HAVE_SYS_TYPES_H 1
| #define HAVE_SYS_STAT_H 1
| #define HAVE_STDLIB_H 1
| #define HAVE_STRING_H 1
| #define HAVE_MEMORY_H 1
| #define HAVE_STDINT_H 1
| #define HAVE_UNISTD_H 1
| #define HAVE_STDINT_H 1
| #define HAVE_FCNTL_H 1
| #define HAVE_LOCALE_H 1
| #define HAVE_SYS_STAT_H 1
| #define HAVE_SYS_TYPES_H 1
| #define HAVE_STDINT_H 1
| #define HAVE_UNISTD_H 1
| #define HAVE_GETOPT_H 1
| #define HAVE_LOCALE_H 1
| #define HAVE_STRUCT_STAT_ST_RDEV 1
| #define HAVE_ST_RDEV 1
| #define HAVE_TM_ISDST 1
| #define HAVE_LONG_LONG 1
| #define SIZEOF_UINT8_T 1
| #define SIZEOF_UINT16_T 2
| #define SIZEOF_UINT32_T 4
| #define SIZEOF_UINT64_T 8
| #define HAVE_STRERROR 1
| #define HAVE_STRTOUL 1
| /* end confdefs.h.  */
| /* System header to define __stub macros and hopefully few prototypes,
|     which can conflict with char getopt_long (); below.
|     Prefer <limits.h> to <assert.h> if __STDC__ is defined, since
|     <limits.h> exists even on freestanding compilers.  */
| #ifdef __STDC__
| # include <limits.h>
| #else
| # include <assert.h>
| #endif
| /* Override any gcc2 internal prototype to avoid an error.  */
| #ifdef __cplusplus
| extern "C"
| {
| #endif
| /* We use char because int might match the return type of a gcc2
|    builtin and then its argument prototype would still apply.  */
| char getopt_long ();
| /* The GNU C library defines this for functions which it implements
|     to always fail with ENOSYS.  Some functions are actually named
|     something starting with __ and the normal name is an alias.  */
| #if defined (__stub_getopt_long) || defined (__stub___getopt_long)
| choke me
| #else
| char (*f) () = getopt_long;
| #endif
| #ifdef __cplusplus
| }
| #endif
| 
| int
| main ()
| {
| return f != getopt_long;
|   ;
|   return 0;
| }
configure:7241: result: no
configure:7253: checking for gzopen in -lz
configure:7284: gcc -o conftest.exe -g -O2   conftest.c -lz   >&5
configure:7287: $? = 0
configure:7290: test -s conftest.exe
configure:7293: $? = 0
configure:7305: result: yes
configure:7441: creating ./config.status

## ---------------------- ##
## Running config.status. ##
## ---------------------- ##

This file was extended by config.status, which was
generated by GNU Autoconf 2.57.  Invocation command line was

  CONFIG_FILES    = 
  CONFIG_HEADERS  = 
  CONFIG_LINKS    = 
  CONFIG_COMMANDS = 
  $ ./config.status 

on FENRIS

config.status:673: creating Makefile
config.status:673: creating src/Makefile
config.status:673: creating magic/Makefile
config.status:673: creating doc/Makefile
config.status:777: creating config.h
config.status:1044: executing depfiles commands

## ---------------- ##
## Cache variables. ##
## ---------------- ##

ac_cv_build=i686-pc-cygwin
ac_cv_build_alias=i686-pc-cygwin
ac_cv_c_compiler_gnu=yes
ac_cv_c_const=yes
ac_cv_c_long_long=yes
ac_cv_env_CC_set=
ac_cv_env_CC_value=
ac_cv_env_CFLAGS_set=
ac_cv_env_CFLAGS_value=
ac_cv_env_CPPFLAGS_set=
ac_cv_env_CPPFLAGS_value=
ac_cv_env_CPP_set=
ac_cv_env_CPP_value=
ac_cv_env_LDFLAGS_set=
ac_cv_env_LDFLAGS_value=
ac_cv_env_build_alias_set=
ac_cv_env_build_alias_value=
ac_cv_env_host_alias_set=
ac_cv_env_host_alias_value=
ac_cv_env_target_alias_set=
ac_cv_env_target_alias_value=
ac_cv_exeext=.exe
ac_cv_func_getopt_long=no
ac_cv_func_mkstemp=no
ac_cv_func_mmap=no
ac_cv_func_strerror=yes
ac_cv_func_strtoul=yes
ac_cv_header_fcntl_h=yes
ac_cv_header_getopt_h=yes
ac_cv_header_inttypes_h=no
ac_cv_header_locale_h=yes
ac_cv_header_memory_h=yes
ac_cv_header_stdc=yes
ac_cv_header_stdint_h=yes
ac_cv_header_stdlib_h=yes
ac_cv_header_string_h=yes
ac_cv_header_strings_h=no
ac_cv_header_sys_mkdev_h=no
ac_cv_header_sys_mman_h=no
ac_cv_header_sys_stat_h=yes
ac_cv_header_sys_sysmacros_h=no
ac_cv_header_sys_types_h=yes
ac_cv_header_sys_types_h_makedev=no
ac_cv_header_sys_wait_h=no
ac_cv_header_unistd_h=yes
ac_cv_host=i686-pc-cygwin
ac_cv_host_alias=i686-pc-cygwin
ac_cv_lib_z_gzopen=yes
ac_cv_member_struct_stat_st_rdev=yes
ac_cv_objext=o
ac_cv_path_install=$'/bin/install -c'
ac_cv_prog_AWK=gawk
ac_cv_prog_CPP=$'gcc -E'
ac_cv_prog_ac_ct_CC=gcc
ac_cv_prog_ac_ct_RANLIB=ranlib
ac_cv_prog_ac_ct_STRIP=strip
ac_cv_prog_cc_g=yes
ac_cv_prog_cc_stdc=
ac_cv_prog_egrep=$'grep -E'
ac_cv_prog_make_make_set=yes
ac_cv_sizeof_uint16_t=2
ac_cv_sizeof_uint32_t=4
ac_cv_sizeof_uint64_t=8
ac_cv_sizeof_uint8_t=1
ac_cv_struct_tm=time.h
ac_cv_struct_tm_isdst=yes
ac_cv_struct_tm_zone=no
ac_cv_sys_file_offset_bits=no
ac_cv_sys_large_files=no
ac_cv_sys_largefile_CC=no
ac_cv_type_int32_t=yes
ac_cv_type_off_t=yes
ac_cv_type_size_t=yes
ac_cv_type_uint16_t=yes
ac_cv_type_uint32_t=yes
ac_cv_type_uint64_t=yes
ac_cv_type_uint8_t=yes
ac_cv_var_daylight=no
ac_cv_var_tzname=no
am_cv_CC_dependencies_compiler_type=gcc
lt_cv_deplibs_check_method=$'file_magic file format pei*-i386(.*architecture: i386)?'
lt_cv_file_magic_cmd=$'$OBJDUMP -f'
lt_cv_file_magic_test_file=
lt_cv_ld_reload_flag=-r
lt_cv_path_LD=d:/app/gcc-2.95.3/mingw32/bin/ld.exe
lt_cv_path_NM=$'//d/app/gcc-2.95.3/bin/nm -B'
lt_cv_prog_gnu_ld=yes

## ----------------- ##
## Output variables. ##
## ----------------- ##

ACLOCAL='${SHELL} /misc/file-4.02/missing --run aclocal-1.7'
AMDEPBACKSLASH='\'
AMDEP_FALSE='#'
AMDEP_TRUE=''
AMTAR='${SHELL} /misc/file-4.02/missing --run tar'
AUTOCONF='${SHELL} /misc/file-4.02/missing --run autoconf'
AUTOHEADER='${SHELL} /misc/file-4.02/missing --run autoheader'
AUTOMAKE='${SHELL} /misc/file-4.02/missing --run automake-1.7'
AWK='gawk'
CC='gcc'
CCDEPMODE='depmode=gcc'
CFLAGS='-g -O2'
CPP='gcc -E'
CPPFLAGS=''
CYGPATH_W='cygpath -w'
DEFS='-DHAVE_CONFIG_H'
DEPDIR='.deps'
ECHO_C=''
ECHO_N='-n'
ECHO_T=''
EGREP='grep -E'
EXEEXT='.exe'
FSECT5_FALSE=''
FSECT5_TRUE='#'
INSTALL_DATA='${INSTALL} -m 644'
INSTALL_PROGRAM='${INSTALL}'
INSTALL_SCRIPT='${INSTALL}'
INSTALL_STRIP_PROGRAM='${SHELL} $(install_sh) -c -s'
LDFLAGS=''
LIBOBJS=''
LIBS='-lz '
LIBTOOL='$(SHELL) $(top_builddir)/libtool'
LN_S='ln -s'
LTLIBOBJS=''
MAINT='#'
MAINTAINER_MODE_FALSE=''
MAINTAINER_MODE_TRUE='#'
MAKEINFO='${SHELL} /misc/file-4.02/missing --run makeinfo'
OBJEXT='o'
PACKAGE='file'
PACKAGE_BUGREPORT=''
PACKAGE_NAME=''
PACKAGE_STRING=''
PACKAGE_TARNAME=''
PACKAGE_VERSION=''
PATH_SEPARATOR=':'
RANLIB='ranlib'
SET_MAKE=''
SHELL='/bin/bash'
STRIP='strip'
VERSION='4.02'
ac_ct_CC='gcc'
ac_ct_RANLIB='ranlib'
ac_ct_STRIP='strip'
am__fastdepCC_FALSE=''
am__fastdepCC_TRUE='#'
am__include='include'
am__leading_dot='.'
am__quote=''
bindir='${exec_prefix}/bin'
build='i686-pc-cygwin'
build_alias=''
build_cpu='i686'
build_os='cygwin'
build_vendor='pc'
datadir='${prefix}/share'
exec_prefix='${prefix}'
fsect='4'
host='i686-pc-cygwin'
host_alias=''
host_cpu='i686'
host_os='cygwin'
host_vendor='pc'
includedir='${prefix}/include'
infodir='${prefix}/info'
install_sh='/misc/file-4.02/install-sh'
libdir='${exec_prefix}/lib'
libexecdir='${exec_prefix}/libexec'
localstatedir='${prefix}/var'
mandir='${prefix}/man'
oldincludedir='/usr/include'
prefix='/usr/local'
program_transform_name='s,x,x,'
sbindir='${exec_prefix}/sbin'
sharedstatedir='${prefix}/com'
sysconfdir='${prefix}/etc'
target_alias=''

## ----------- ##
## confdefs.h. ##
## ----------- ##

#define BUILTIN_ELF 1
#define ELFCORE 1
#define HAVE_FCNTL_H 1
#define HAVE_GETOPT_H 1
#define HAVE_LIBZ 1
#define HAVE_LOCALE_H 1
#define HAVE_LOCALE_H 1
#define HAVE_LONG_LONG 1
#define HAVE_MEMORY_H 1
#define HAVE_STDINT_H 1
#define HAVE_STDINT_H 1
#define HAVE_STDINT_H 1
#define HAVE_STDLIB_H 1
#define HAVE_STRERROR 1
#define HAVE_STRING_H 1
#define HAVE_STRTOUL 1
#define HAVE_STRUCT_STAT_ST_RDEV 1
#define HAVE_ST_RDEV 1
#define HAVE_SYS_STAT_H 1
#define HAVE_SYS_STAT_H 1
#define HAVE_SYS_TYPES_H 1
#define HAVE_SYS_TYPES_H 1
#define HAVE_TM_ISDST 1
#define HAVE_UNISTD_H 1
#define HAVE_UNISTD_H 1
#define PACKAGE "file"
#define PACKAGE_BUGREPORT ""
#define PACKAGE_NAME ""
#define PACKAGE_STRING ""
#define PACKAGE_TARNAME ""
#define PACKAGE_VERSION ""
#define SIZEOF_UINT16_T 2
#define SIZEOF_UINT32_T 4
#define SIZEOF_UINT64_T 8
#define SIZEOF_UINT8_T 1
#define STDC_HEADERS 1
#define VERSION "4.02"

configure: exit 0
