This file contains any messages produced by compilers while
running configure, to aid debugging if configure makes a mistake.

configure:530: checking for grops
configure:568: checking for Cygwin environment
configure:584: cc -c   conftest.c 1>&5
configure:600: checking for mingw32 environment
configure:612: cc -c   conftest.c 1>&5
configure: In function `main':
configure:608: `__MINGW32__' undeclared (first use in this function)
configure:608: (Each undeclared identifier is reported only once
configure:608: for each function it appears in.)
    0       0 [main] d:\gnuwin32\CYGWIN~1\bin\sh.exe 2238 sig_send: error sending signal(-3) to pid 2238, Win32 error -1
configure: failed program was:
#line 605 "configure"
#include "confdefs.h"

int main() {
return __MINGW32__;
; return 0; }
configure:628: checking for EMX OS/2 environment
configure:640: cc -c   conftest.c 1>&5
configure: In function `main':
configure:636: `__EMX__' undeclared (first use in this function)
configure:636: (Each undeclared identifier is reported only once
configure:636: for each function it appears in.)
configure: failed program was:
#line 633 "configure"
#include "confdefs.h"

int main() {
return __EMX__;
; return 0; }
configure:659: checking for executable suffix
configure:692: checking for gcc
configure:805: checking whether the C compiler (gcc   ) works
configure:821: gcc -o conftest.exe    conftest.c  1>&5
configure:847: checking whether the C compiler (gcc   ) is a cross-compiler
configure:852: checking whether we are using GNU C
configure:861: gcc -E conftest.c
    0       0 [main] d:\gnuwin32\CYGWIN~1\bin\sh.exe 2270 sig_send: error sending signal(-3) to pid 2270, Win32 error -1
configure:880: checking whether gcc accepts -g
configure:916: checking for c++
configure:948: checking whether the C++ compiler (c++   ) works
configure:964: c++ -o conftest.exe    conftest.C  1>&5
configure:990: checking whether the C++ compiler (c++   ) is a cross-compiler
configure:995: checking whether we are using GNU C++
configure:1004: c++ -E conftest.C
configure:1023: checking whether c++ accepts -g
configure:1067: checking that C++ compiler can compile simple program
configure:1080: c++ -o conftest.exe -g -O2   conftest.C  1>&5
configure:1134: checking that header files support C++
configure:1143: c++ -o conftest.exe -g -O2   conftest.C  1>&5
    0       0 [main] d:\gnuwin32\CYGWIN~1\bin\sh.exe 2320 sig_send: error sending signal(-3) to pid 2320, Win32 error -1
configure:1169: checking for lpr
configure:1203: checking for lp
configure:1283: checking for command to use for printing PostScript files
configure:1287: checking for command to use for printing dvi files
configure:1302: checking for perl
configure:1340: checking for byacc
configure:1373: checking for ranlib
configure:1434: checking for a BSD compatible install
configure:1491: checking whether ln -s works
configure:1512: checking for csh hash hack
configure:1530: checking how to run the C preprocessor
configure:1551: gcc -E  conftest.c >/dev/null 2>conftest.out
configure:1613: checking for unistd.h
configure:1623: gcc -E  conftest.c >/dev/null 2>conftest.out
configure:1613: checking for dirent.h
configure:1623: gcc -E  conftest.c >/dev/null 2>conftest.out
configure:1613: checking for limits.h
configure:1623: gcc -E  conftest.c >/dev/null 2>conftest.out
configure:1613: checking for sys/dir.h
configure:1623: gcc -E  conftest.c >/dev/null 2>conftest.out
configure:1619: sys/dir.h: No such file or directory
configure: failed program was:
#line 1618 "configure"
#include "confdefs.h"
#include <sys/dir.h>
configure:1613: checking for stdlib.h
configure:1623: gcc -E  conftest.c >/dev/null 2>conftest.out
configure:1650: checking for ISC 3.x or 4.x
configure:1662: checking whether -D_POSIX_SOURCE is necessary
configure:1680: c++ -c -g -O2  conftest.C 1>&5
configure:1674: declaration of C function `void fileno(int)' conflicts with
/usr/bin/../lib/gcc-lib/i586-cygwin32/2.95/../../../../i586-cygwin32/include/stdio.h:188: previous declaration `int fileno(FILE *)' here
configure: failed program was:
#line 1672 "configure"
#include "confdefs.h"
#include <stdio.h>
extern "C" { void fileno(int); }
int main() {

; return 0; }
configure:1709: checking declaration of getopt in stdlib.h
configure:1719: c++ -c -g -O2  conftest.C 1>&5
    0       0 [main] d:\gnuwin32\CYGWIN~1\bin\sh.exe 2451 sig_send: error sending signal(-3) to pid 2451, Win32 error -1
configure:1733: checking declaration of getopt in unistd.h
configure:1744: c++ -c -g -O2  conftest.C 1>&5
configure:1773: checking declaration of putenv
configure:1783: c++ -c -g -O2  conftest.C 1>&5
configure:1777: declaration of C function `void putenv(int)' conflicts with
/usr/bin/../lib/gcc-lib/i586-cygwin32/2.95/../../../../i586-cygwin32/include/stdlib.h:91: previous declaration `int putenv(const char *)' here
configure: failed program was:
#line 1775 "configure"
#include "confdefs.h"
#include <stdlib.h>
extern "C" { void putenv(int); }
int main() {

; return 0; }
configure:1813: checking declaration of popen
configure:1823: c++ -c -g -O2  conftest.C 1>&5
configure:1817: declaration of C function `void popen(int)' conflicts with
/usr/bin/../lib/gcc-lib/i586-cygwin32/2.95/../../../../i586-cygwin32/include/stdio.h:191: previous declaration `struct FILE * popen(const char *, const char *)' here
configure: failed program was:
#line 1815 "configure"
#include "confdefs.h"
#include <stdio.h>
extern "C" { void popen(int); }
int main() {

; return 0; }
configure:1852: checking declaration of pclose
configure:1862: c++ -c -g -O2  conftest.C 1>&5
configure:1856: declaration of C function `void pclose(int)' conflicts with
/usr/bin/../lib/gcc-lib/i586-cygwin32/2.95/../../../../i586-cygwin32/include/stdio.h:190: previous declaration `int pclose(FILE *)' here
configure: failed program was:
#line 1854 "configure"
#include "confdefs.h"
#include <stdio.h>
extern "C" { void pclose(int); }
int main() {

; return 0; }
configure:1891: checking C++ <osfcn.h>
configure:1900: c++ -c -g -O2  conftest.C 1>&5
configure:1894: osfcn.h: No such file or directory
configure: failed program was:
#line 1893 "configure"
#include "confdefs.h"
#include <osfcn.h>
int main() {
read(0, 0, 0); open(0, 0);
; return 0; }
configure:1929: checking C++ <limits.h>
configure:1938: c++ -c -g -O2  conftest.C 1>&5
configure:1967: checking for declaration of time_t
configure:1976: c++ -c -g -O2  conftest.C 1>&5
configure:1997: checking return type of signal handlers
configure:2019: gcc -c -g -O2  conftest.c 1>&5
configure:2038: checking struct exception
configure:2047: gcc -c -g -O2  conftest.c 1>&5
configure:2064: checking for unistd.h
configure:2103: checking for getpagesize
configure:2132: gcc -o conftest.exe -g -O2   conftest.c  1>&5
configure:2157: checking for working mmap
configure:2305: gcc -o conftest.exe -g -O2   conftest.c  1>&5
    0       0 [main] d:\gnuwin32\CYGWIN~1\bin\sh.exe 2573 sig_send: error sending signal(-3) to pid 2573, Win32 error -1
configure: failed program was:
#line 2165 "configure"
#include "confdefs.h"

/* Thanks to Mike Haertel and Jim Avera for this test.
   Here is a matrix of mmap possibilities:
	mmap private not fixed
	mmap private fixed at somewhere currently unmapped
	mmap private fixed at somewhere already mapped
	mmap shared not fixed
	mmap shared fixed at somewhere currently unmapped
	mmap shared fixed at somewhere already mapped
   For private mappings, we should verify that changes cannot be read()
   back from the file, nor mmap's back from the file at a different
   address.  (There have been systems where private was not correctly
   implemented like the infamous i386 svr4.0, and systems where the
   VM page cache was not coherent with the filesystem buffer cache
   like early versions of FreeBSD and possibly contemporary NetBSD.)
   For shared mappings, we should conversely verify that changes get
   propogated back to all the places they're supposed to be.

   Grep wants private fixed already mapped.
   The main things grep needs to know about mmap are:
   * does it exist and is it safe to write into the mmap'd area
   * how to use it (BSD variants)  */
#include <sys/types.h>
#include <fcntl.h>
#include <sys/mman.h>

/* This mess was copied from the GNU getpagesize.h.  */
#ifndef HAVE_GETPAGESIZE
# ifdef HAVE_UNISTD_H
#  include <unistd.h>
# endif

/* Assume that all systems that can run configure have sys/param.h.  */
# ifndef HAVE_SYS_PARAM_H
#  define HAVE_SYS_PARAM_H 1
# endif

# ifdef _SC_PAGESIZE
#  define getpagesize() sysconf(_SC_PAGESIZE)
# else /* no _SC_PAGESIZE */
#  ifdef HAVE_SYS_PARAM_H
#   include <sys/param.h>
#   ifdef EXEC_PAGESIZE
#    define getpagesize() EXEC_PAGESIZE
#   else /* no EXEC_PAGESIZE */
#    ifdef NBPG
#     define getpagesize() NBPG * CLSIZE
#     ifndef CLSIZE
#      define CLSIZE 1
#     endif /* no CLSIZE */
#    else /* no NBPG */
#     ifdef NBPC
#      define getpagesize() NBPC
#     else /* no NBPC */
#      ifdef PAGESIZE
#       define getpagesize() PAGESIZE
#      endif /* PAGESIZE */
#     endif /* no NBPC */
#    endif /* no NBPG */
#   endif /* no EXEC_PAGESIZE */
#  else /* no HAVE_SYS_PARAM_H */
#   define getpagesize() 8192	/* punt totally */
#  endif /* no HAVE_SYS_PARAM_H */
# endif /* no _SC_PAGESIZE */

#endif /* no HAVE_GETPAGESIZE */

#ifdef __cplusplus
extern "C" { void *malloc(unsigned); }
#else
char *malloc();
#endif

int
main()
{
	char *data, *data2, *data3;
	int i, pagesize;
	int fd;

	pagesize = getpagesize();

	/*
	 * First, make a file with some known garbage in it.
	 */
	data = malloc(pagesize);
	if (!data)
		exit(1);
	for (i = 0; i < pagesize; ++i)
		*(data + i) = rand();
	umask(0);
	fd = creat("conftestmmap", 0600);
	if (fd < 0)
		exit(1);
	if (write(fd, data, pagesize) != pagesize)
		exit(1);
	close(fd);

	/*
	 * Next, try to mmap the file at a fixed address which
	 * already has something else allocated at it.  If we can,
	 * also make sure that we see the same garbage.
	 */
	fd = open("conftestmmap", O_RDWR);
	if (fd < 0)
		exit(1);
	data2 = malloc(2 * pagesize);
	if (!data2)
		exit(1);
	data2 += (pagesize - ((int) data2 & (pagesize - 1))) & (pagesize - 1);
	if (data2 != mmap(data2, pagesize, PROT_READ | PROT_WRITE,
	    MAP_PRIVATE | MAP_FIXED, fd, 0L))
		exit(1);
	for (i = 0; i < pagesize; ++i)
		if (*(data + i) != *(data2 + i))
			exit(1);

	/*
	 * Finally, make sure that changes to the mapped area
	 * do not percolate back to the file as seen by read().
	 * (This is a bug on some variants of i386 svr4.0.)
	 */
	for (i = 0; i < pagesize; ++i)
		*(data2 + i) = *(data2 + i) + 1;
	data3 = malloc(pagesize);
	if (!data3)
		exit(1);
	if (read(fd, data3, pagesize) != pagesize)
		exit(1);
	for (i = 0; i < pagesize; ++i)
		if (*(data + i) != *(data3 + i))
			exit(1);
	close(fd);
	unlink("conftestmmap");
	exit(0);
}

configure:2332: checking for fmod
configure:2361: gcc -o conftest.exe -g -O2   conftest.c  -lm 1>&5
configure:2332: checking for strtol
configure:2361: gcc -o conftest.exe -g -O2   conftest.c  -lm 1>&5
configure:2332: checking for getcwd
configure:2361: gcc -o conftest.exe -g -O2   conftest.c  -lm 1>&5
configure:2332: checking for strerror
configure:2361: gcc -o conftest.exe -g -O2   conftest.c  -lm 1>&5
configure:2332: checking for putenv
configure:2361: gcc -o conftest.exe -g -O2   conftest.c  -lm 1>&5
configure:2391: checking for rename
configure:2420: gcc -o conftest.exe -g -O2   conftest.c  1>&5
configure:2391: checking for mkstemp
configure:2420: gcc -o conftest.exe -g -O2   conftest.c  1>&5
configure:2445: checking for sys_siglist declaration in signal.h or unistd.h
configure:2462: gcc -c -g -O2  conftest.c 1>&5
configure: In function `main':
configure:2458: `sys_siglist' undeclared (first use in this function)
configure:2458: (Each undeclared identifier is reported only once
configure:2458: for each function it appears in.)
configure: failed program was:
#line 2450 "configure"
#include "confdefs.h"
#include <sys/types.h>
#include <signal.h>
/* NetBSD declares sys_siglist in unistd.h.  */
#ifdef HAVE_UNISTD_H
#include <unistd.h>
#endif
int main() {
char *msg = *(sys_siglist + 1);
; return 0; }
configure:2491: checking whether ANSI array delete syntax supported
configure:2500: c++ -c -g -O2  conftest.C 1>&5
configure:2529: checking traditional preprocessor
configure:2538: c++ -c -g -O2  conftest.C 1>&5
configure: In function `int main()':
configure:2534: parse error before `;'
configure: failed program was:
#line 2531 "configure"
#include "confdefs.h"
#define name2(a,b) a/**/b
int main() {
int name2(foo,bar);
; return 0; }
configure:2559: checking w_coredump
configure:2581: gcc -o conftest.exe -g -O2   conftest.c  1>&5
configure:2597: checking default value for grops -b option
configure:2602: checking default paper size
configure:2646: checking for existing troff installation
configure:2660: checking for prefix of system macro packages
configure:2684: checking which system macro packages should be made available
