This file contains any messages produced by compilers while
running configure, to aid debugging if configure makes a mistake.

configure:562: checking for a BSD compatible install
configure:615: checking whether build environment is sane
configure:672: checking whether make sets ${MAKE}
configure:718: checking for working aclocal
configure:731: checking for working autoconf
configure:744: checking for working automake
configure:757: checking for working autoheader
configure:770: checking for working makeinfo
configure:793: checking for gcc
configure:906: checking whether the C compiler (gcc  ) works
configure:922: gcc -o conftest    conftest.c  1>&5
configure:948: checking whether the C compiler (gcc  ) is a cross-compiler
configure:953: checking whether we are using GNU C
configure:962: gcc -E conftest.c
configure:981: checking whether gcc accepts -g
configure:1013: checking how to run the C preprocessor
configure:1034: gcc -E  conftest.c >/dev/null 2>conftest.out
configure:1094: checking for minix/config.h
configure:1104: gcc -E  conftest.c >/dev/null 2>conftest.out
configure:1100: minix/config.h: No such file or directory
configure: failed program was:
#line 1099 "configure"
#include "confdefs.h"
#include <minix/config.h>
configure:1142: checking for POSIXized ISC
configure:1166: checking for gcc option to accept ANSI C
configure:1219: gcc  -c -g -O2  conftest.c 1>&5
configure:1254: checking for a BSD compatible install
configure:1309: checking for ranlib
configure:1339: checking for ANSI C header files
configure:1352: gcc -E  conftest.c >/dev/null 2>conftest.out
configure:1419: gcc -o conftest -g -O2   conftest.c  1>&5
configure:1446: checking for ctype.h
configure:1456: gcc -E  conftest.c >/dev/null 2>conftest.out
configure:1446: checking for locale.h
configure:1456: gcc -E  conftest.c >/dev/null 2>conftest.out
configure:1446: checking for memory.h
configure:1456: gcc -E  conftest.c >/dev/null 2>conftest.out
configure:1446: checking for stdlib.h
configure:1456: gcc -E  conftest.c >/dev/null 2>conftest.out
configure:1446: checking for string.h
configure:1456: gcc -E  conftest.c >/dev/null 2>conftest.out
configure:1446: checking for unistd.h
configure:1456: gcc -E  conftest.c >/dev/null 2>conftest.out
configure:1486: checking for working const
configure:1540: gcc -c -g -O2  conftest.c 1>&5
configure:1563: checking for function prototypes
configure:1725: checking for working alloca.h
configure:1737: gcc -o conftest -g -O2   conftest.c  1>&5
configure:1731: alloca.h: No such file or directory
configure: failed program was:
#line 1730 "configure"
#include "confdefs.h"
#include <alloca.h>
int main() {
char *p = alloca(2 * sizeof(int));
; return 0; }
configure:1758: checking for alloca
configure:1791: gcc -o conftest -g -O2   conftest.c  1>&5
configure:1959: checking for mkstemp
configure:1987: gcc -o conftest -g -O2   conftest.c  1>&5
    0       0 [main] d:\gnuwin32\CYGWIN~1\bin\sh.exe 1765 sig_send: error sending signal(-3) to pid 1765, Win32 error -1
configure:1959: checking for setlocale
configure:1987: gcc -o conftest -g -O2   conftest.c  1>&5
configure:2014: checking whether calloc must be declared
configure:2047: gcc -c -g -O2  conftest.c 1>&5
configure:2014: checking whether realloc must be declared
configure:2047: gcc -c -g -O2  conftest.c 1>&5
configure:2074: checking for inline
configure:2088: gcc -c -g -O2  conftest.c 1>&5
configure:2114: checking for off_t
configure:2147: checking for size_t
configure:2183: checking for unistd.h
configure:2222: checking for getpagesize
configure:2250: gcc -o conftest -g -O2   conftest.c  1>&5
    0       0 [main] d:\gnuwin32\CYGWIN~1\bin\sh.exe 1857 sig_send: error sending signal(-3) to pid 1857, Win32 error -1
configure:2275: checking for working mmap
configure:2423: gcc -o conftest -g -O2   conftest.c  1>&5
configure: failed program was:
#line 2283 "configure"
#include "confdefs.h"

/* Thanks to Mike Haertel and Jim Avera for this test.
   Here is a matrix of mmap possibilities:
	mmap private not fixed
	mmap private fixed at somewhere currently unmapped
	mmap private fixed at somewhere already mapped
	mmap shared not fixed
	mmap shared fixed at somewhere currently unmapped
	mmap shared fixed at somewhere already mapped
   For private mappings, we should verify that changes cannot be read()
   back from the file, nor mmap's back from the file at a different
   address.  (There have been systems where private was not correctly
   implemented like the infamous i386 svr4.0, and systems where the
   VM page cache was not coherent with the filesystem buffer cache
   like early versions of FreeBSD and possibly contemporary NetBSD.)
   For shared mappings, we should conversely verify that changes get
   propogated back to all the places they're supposed to be.

   Grep wants private fixed already mapped.
   The main things grep needs to know about mmap are:
   * does it exist and is it safe to write into the mmap'd area
   * how to use it (BSD variants)  */
#include <sys/types.h>
#include <fcntl.h>
#include <sys/mman.h>

/* This mess was copied from the GNU getpagesize.h.  */
#ifndef HAVE_GETPAGESIZE
# ifdef HAVE_UNISTD_H
#  include <unistd.h>
# endif

/* Assume that all systems that can run configure have sys/param.h.  */
# ifndef HAVE_SYS_PARAM_H
#  define HAVE_SYS_PARAM_H 1
# endif

# ifdef _SC_PAGESIZE
#  define getpagesize() sysconf(_SC_PAGESIZE)
# else /* no _SC_PAGESIZE */
#  ifdef HAVE_SYS_PARAM_H
#   include <sys/param.h>
#   ifdef EXEC_PAGESIZE
#    define getpagesize() EXEC_PAGESIZE
#   else /* no EXEC_PAGESIZE */
#    ifdef NBPG
#     define getpagesize() NBPG * CLSIZE
#     ifndef CLSIZE
#      define CLSIZE 1
#     endif /* no CLSIZE */
#    else /* no NBPG */
#     ifdef NBPC
#      define getpagesize() NBPC
#     else /* no NBPC */
#      ifdef PAGESIZE
#       define getpagesize() PAGESIZE
#      endif /* PAGESIZE */
#     endif /* no NBPC */
#    endif /* no NBPG */
#   endif /* no EXEC_PAGESIZE */
#  else /* no HAVE_SYS_PARAM_H */
#   define getpagesize() 8192	/* punt totally */
#  endif /* no HAVE_SYS_PARAM_H */
# endif /* no _SC_PAGESIZE */

#endif /* no HAVE_GETPAGESIZE */

#ifdef __cplusplus
extern "C" { void *malloc(unsigned); }
#else
char *malloc();
#endif

int
main()
{
	char *data, *data2, *data3;
	int i, pagesize;
	int fd;

	pagesize = getpagesize();

	/*
	 * First, make a file with some known garbage in it.
	 */
	data = malloc(pagesize);
	if (!data)
		exit(1);
	for (i = 0; i < pagesize; ++i)
		*(data + i) = rand();
	umask(0);
	fd = creat("conftestmmap", 0600);
	if (fd < 0)
		exit(1);
	if (write(fd, data, pagesize) != pagesize)
		exit(1);
	close(fd);

	/*
	 * Next, try to mmap the file at a fixed address which
	 * already has something else allocated at it.  If we can,
	 * also make sure that we see the same garbage.
	 */
	fd = open("conftestmmap", O_RDWR);
	if (fd < 0)
		exit(1);
	data2 = malloc(2 * pagesize);
	if (!data2)
		exit(1);
	data2 += (pagesize - ((int) data2 & (pagesize - 1))) & (pagesize - 1);
	if (data2 != mmap(data2, pagesize, PROT_READ | PROT_WRITE,
	    MAP_PRIVATE | MAP_FIXED, fd, 0L))
		exit(1);
	for (i = 0; i < pagesize; ++i)
		if (*(data + i) != *(data2 + i))
			exit(1);

	/*
	 * Finally, make sure that changes to the mapped area
	 * do not percolate back to the file as seen by read().
	 * (This is a bug on some variants of i386 svr4.0.)
	 */
	for (i = 0; i < pagesize; ++i)
		*(data2 + i) = *(data2 + i) + 1;
	data3 = malloc(pagesize);
	if (!data3)
		exit(1);
	if (read(fd, data3, pagesize) != pagesize)
		exit(1);
	for (i = 0; i < pagesize; ++i)
		if (*(data + i) != *(data3 + i))
			exit(1);
	close(fd);
	unlink("conftestmmap");
	exit(0);
}

configure:2451: checking for argz.h
configure:2461: gcc -E  conftest.c >/dev/null 2>conftest.out
configure:2457: argz.h: No such file or directory
configure: failed program was:
#line 2456 "configure"
#include "confdefs.h"
#include <argz.h>
configure:2451: checking for limits.h
configure:2461: gcc -E  conftest.c >/dev/null 2>conftest.out
configure:2451: checking for locale.h
configure:2451: checking for nl_types.h
configure:2461: gcc -E  conftest.c >/dev/null 2>conftest.out
configure:2457: nl_types.h: No such file or directory
configure: failed program was:
#line 2456 "configure"
#include "confdefs.h"
#include <nl_types.h>
configure:2451: checking for malloc.h
configure:2461: gcc -E  conftest.c >/dev/null 2>conftest.out
configure:2451: checking for string.h
configure:2451: checking for unistd.h
configure:2451: checking for sys/param.h
configure:2461: gcc -E  conftest.c >/dev/null 2>conftest.out
configure:2491: checking for getcwd
configure:2519: gcc -o conftest -g -O2   conftest.c  1>&5
configure:2491: checking for munmap
configure:2519: gcc -o conftest -g -O2   conftest.c  1>&5
configure:2491: checking for putenv
configure:2519: gcc -o conftest -g -O2   conftest.c  1>&5
configure:2491: checking for setenv
configure:2519: gcc -o conftest -g -O2   conftest.c  1>&5
    0       0 [main] d:\gnuwin32\CYGWIN~1\bin\sh.exe 2059 sig_send: error sending signal(-3) to pid 2059, Win32 error -1
configure:2491: checking for setlocale
configure:2491: checking for strchr
configure:2519: gcc -o conftest -g -O2   conftest.c  1>&5
configure:2491: checking for strcasecmp
configure:2519: gcc -o conftest -g -O2   conftest.c  1>&5
    0       0 [main] d:\gnuwin32\CYGWIN~1\bin\sh.exe 2099 sig_send: error sending signal(-3) to pid 2099, Win32 error -1
configure:2491: checking for strdup
configure:2519: gcc -o conftest -g -O2   conftest.c  1>&5
configure:2491: checking for __argz_count
configure:2519: gcc -o conftest -g -O2   conftest.c  1>&5
C:\TEMP/cctPbaaa.o: In function `main':
/usr/local/bison-1.28/configure:2513: undefined reference to `__argz_count'
collect2: ld returned 1 exit status
configure: failed program was:
#line 2496 "configure"
#include "confdefs.h"
/* System header to define __stub macros and hopefully few prototypes,
    which can conflict with char __argz_count(); below.  */
#include <assert.h>
/* Override any gcc2 internal prototype to avoid an error.  */
/* We use char because int might match the return type of a gcc2
    builtin and then its argument prototype would still apply.  */
char __argz_count();

int main() {

/* The GNU C library defines this for functions which it implements
    to always fail with ENOSYS.  Some functions are actually named
    something starting with __ and the normal name is an alias.  */
#if defined (__stub___argz_count) || defined (__stub_____argz_count)
choke me
#else
__argz_count();
#endif

; return 0; }
configure:2491: checking for __argz_stringify
configure:2519: gcc -o conftest -g -O2   conftest.c  1>&5
C:\TEMP/cc9Pbaaa.o: In function `main':
/usr/local/bison-1.28/configure:2513: undefined reference to `__argz_stringify'
collect2: ld returned 1 exit status
configure: failed program was:
#line 2496 "configure"
#include "confdefs.h"
/* System header to define __stub macros and hopefully few prototypes,
    which can conflict with char __argz_stringify(); below.  */
#include <assert.h>
/* Override any gcc2 internal prototype to avoid an error.  */
/* We use char because int might match the return type of a gcc2
    builtin and then its argument prototype would still apply.  */
char __argz_stringify();

int main() {

/* The GNU C library defines this for functions which it implements
    to always fail with ENOSYS.  Some functions are actually named
    something starting with __ and the normal name is an alias.  */
#if defined (__stub___argz_stringify) || defined (__stub_____argz_stringify)
choke me
#else
__argz_stringify();
#endif

; return 0; }
configure:2491: checking for __argz_next
configure:2519: gcc -o conftest -g -O2   conftest.c  1>&5
C:\TEMP/ccSQbaaa.o: In function `main':
/usr/local/bison-1.28/configure:2513: undefined reference to `__argz_next'
collect2: ld returned 1 exit status
configure: failed program was:
#line 2496 "configure"
#include "confdefs.h"
/* System header to define __stub macros and hopefully few prototypes,
    which can conflict with char __argz_next(); below.  */
#include <assert.h>
/* Override any gcc2 internal prototype to avoid an error.  */
/* We use char because int might match the return type of a gcc2
    builtin and then its argument prototype would still apply.  */
char __argz_next();

int main() {

/* The GNU C library defines this for functions which it implements
    to always fail with ENOSYS.  Some functions are actually named
    something starting with __ and the normal name is an alias.  */
#if defined (__stub___argz_next) || defined (__stub_____argz_next)
choke me
#else
__argz_next();
#endif

; return 0; }
configure:2548: checking for stpcpy
configure:2576: gcc -o conftest -g -O2   conftest.c  1>&5
C:\TEMP/ccyRbaaa.o: In function `main':
/usr/local/bison-1.28/configure:2570: undefined reference to `stpcpy'
collect2: ld returned 1 exit status
configure: failed program was:
#line 2553 "configure"
#include "confdefs.h"
/* System header to define __stub macros and hopefully few prototypes,
    which can conflict with char stpcpy(); below.  */
#include <assert.h>
/* Override any gcc2 internal prototype to avoid an error.  */
/* We use char because int might match the return type of a gcc2
    builtin and then its argument prototype would still apply.  */
char stpcpy();

int main() {

/* The GNU C library defines this for functions which it implements
    to always fail with ENOSYS.  Some functions are actually named
    something starting with __ and the normal name is an alias.  */
#if defined (__stub_stpcpy) || defined (__stub___stpcpy)
choke me
#else
stpcpy();
#endif

; return 0; }
configure:2610: checking for LC_MESSAGES
configure:2622: gcc -o conftest -g -O2   conftest.c  1>&5
configure: In function `main':
configure:2619: `LC_MESSAGES' undeclared (first use in this function)
configure:2619: (Each undeclared identifier is reported only once
configure:2619: for each function it appears in.)
configure: failed program was:
#line 2615 "configure"
#include "confdefs.h"
#include <locale.h>
int main() {
return LC_MESSAGES
; return 0; }
configure:2643: checking whether NLS is requested
configure:2663: checking whether included gettext is requested
configure:2682: checking for libintl.h
configure:2692: gcc -E  conftest.c >/dev/null 2>conftest.out
configure:2688: libintl.h: No such file or directory
configure: failed program was:
#line 2687 "configure"
#include "confdefs.h"
#include <libintl.h>
configure:3023: checking whether catgets can be used
configure:3295: checking for msgfmt
configure:3329: checking for gmsgfmt
configure:3365: checking for xgettext
configure:3458: checking for catalogs to be installed
