This file contains any messages produced by compilers while
running configure, to aid debugging if configure makes a mistake.

configure:573: checking for a BSD compatible install
configure:626: checking whether build environment is sane
configure:683: checking whether make sets ${MAKE}
configure:729: checking for working aclocal
configure:742: checking for working autoconf
configure:755: checking for working automake
configure:768: checking for working autoheader
configure:781: checking for working makeinfo
configure:805: checking host system type
configure:830: checking for mawk
configure:830: checking for gawk
configure:862: checking for gcc
configure:975: checking whether the C compiler (gcc  ) works
configure:991: gcc -o conftest    conftest.c  1>&5
configure:1017: checking whether the C compiler (gcc  ) is a cross-compiler
configure:1022: checking whether we are using GNU C
configure:1031: gcc -E conftest.c
configure:1050: checking whether gcc accepts -g
configure:1093: checking for a BSD compatible install
configure:1148: checking for ranlib
configure:1177: checking build system type
configure:1211: checking for getconf
configure:1241: checking for CFLAGS value to request large file support
configure:1291: checking for LDFLAGS value to request large file support
configure:1307: checking for LIBS value to request large file support
configure:1366: checking for _FILE_OFFSET_BITS
configure:1395: checking for _LARGEFILE_SOURCE
configure:1424: checking for _LARGE_FILES
configure:1458: checking for gcc option to accept ANSI C
configure:1511: gcc  -c -g -O2  conftest.c 1>&5
configure:1535: checking how to run the C preprocessor
configure:1556: gcc -E  conftest.c >/dev/null 2>conftest.out
configure:1617: checking for function prototypes
configure:1776: checking for size_t
configure:1809: checking for ssize_t
configure:1842: checking for working const
configure:1896: gcc -c -g -O2  conftest.c 1>&5
configure:1918: checking for ANSI C header files
configure:1931: gcc -E  conftest.c >/dev/null 2>conftest.out
configure:1998: gcc -o conftest -g -O2   conftest.c  1>&5
    0       0 [main] d:\gnuwin32\CYGWIN~1\bin\sh.exe 1294 sig_send: error sending signal(-3) to pid 1294, Win32 error -1
configure:2025: checking for string.h
configure:2035: gcc -E  conftest.c >/dev/null 2>conftest.out
configure:2025: checking for stdlib.h
configure:2035: gcc -E  conftest.c >/dev/null 2>conftest.out
configure:2025: checking for sys/param.h
configure:2035: gcc -E  conftest.c >/dev/null 2>conftest.out
configure:2031: sys\param.h: No such file or directory
configure: failed program was:
#line 2030 "configure"
#include "confdefs.h"
#include <sys/param.h>
configure:2025: checking for memory.h
configure:2035: gcc -E  conftest.c >/dev/null 2>conftest.out
configure:2025: checking for unistd.h
configure:2035: gcc -E  conftest.c >/dev/null 2>conftest.out
configure:2025: checking for libintl.h
configure:2035: gcc -E  conftest.c >/dev/null 2>conftest.out
configure:2031: libintl.h: No such file or directory
configure: failed program was:
#line 2030 "configure"
#include "confdefs.h"
#include <libintl.h>
configure:2065: checking for wctype.h
configure:2075: gcc -E  conftest.c >/dev/null 2>conftest.out
configure:2071: wctype.h: No such file or directory
configure: failed program was:
#line 2070 "configure"
#include "confdefs.h"
#include <wctype.h>
configure:2065: checking for wchar.h
configure:2075: gcc -E  conftest.c >/dev/null 2>conftest.out
configure:2106: checking for dirent.h that defines DIR
configure:2119: gcc -c -g -O2  conftest.c 1>&5
    0       0 [main] d:\gnuwin32\CYGWIN~1\bin\sh.exe 1443 sig_send: error sending signal(-3) to pid 1443, Win32 error -1
configure:2144: checking for opendir
configure:2172: gcc -o conftest -g -O2   conftest.c  1>&5
    0       0 [main] d:\gnuwin32\CYGWIN~1\bin\sh.exe 1455 sig_send: error sending signal(-3) to pid 1455, Win32 error -1
configure:2277: checking whether stat file-mode macros are broken
configure:2336: checking for working alloca.h
configure:2348: gcc -o conftest -g -O2   conftest.c  1>&5
configure:2342: alloca.h: No such file or directory
    0       0 [main] d:\gnuwin32\CYGWIN~1\bin\sh.exe 1471 sig_send: error sending signal(-3) to pid 1471, Win32 error -1
configure: failed program was:
#line 2341 "configure"
#include "confdefs.h"
#include <alloca.h>
int main() {
char *p = alloca(2 * sizeof(int));
; return 0; }
configure:2369: checking for alloca
configure:2402: gcc -o conftest -g -O2   conftest.c  1>&5
configure:2568: checking whether closedir returns void
configure:2582: gcc -o conftest -g -O2   conftest.c  1>&5
configure:2608: checking for unistd.h
configure:2647: checking for getpagesize
configure:2675: gcc -o conftest -g -O2   conftest.c  1>&5
configure:2700: checking for working mmap
configure:2848: gcc -o conftest -g -O2   conftest.c  1>&5
configure:2733: sys\mman.h: No such file or directory
configure: failed program was:
#line 2708 "configure"
#include "confdefs.h"

/* Thanks to Mike Haertel and Jim Avera for this test.
   Here is a matrix of mmap possibilities:
	mmap private not fixed
	mmap private fixed at somewhere currently unmapped
	mmap private fixed at somewhere already mapped
	mmap shared not fixed
	mmap shared fixed at somewhere currently unmapped
	mmap shared fixed at somewhere already mapped
   For private mappings, we should verify that changes cannot be read()
   back from the file, nor mmap's back from the file at a different
   address.  (There have been systems where private was not correctly
   implemented like the infamous i386 svr4.0, and systems where the
   VM page cache was not coherent with the filesystem buffer cache
   like early versions of FreeBSD and possibly contemporary NetBSD.)
   For shared mappings, we should conversely verify that changes get
   propogated back to all the places they're supposed to be.

   Grep wants private fixed already mapped.
   The main things grep needs to know about mmap are:
   * does it exist and is it safe to write into the mmap'd area
   * how to use it (BSD variants)  */
#include <sys/types.h>
#include <fcntl.h>
#include <sys/mman.h>

/* This mess was copied from the GNU getpagesize.h.  */
#ifndef HAVE_GETPAGESIZE
# ifdef HAVE_UNISTD_H
#  include <unistd.h>
# endif

/* Assume that all systems that can run configure have sys/param.h.  */
# ifndef HAVE_SYS_PARAM_H
#  define HAVE_SYS_PARAM_H 1
# endif

# ifdef _SC_PAGESIZE
#  define getpagesize() sysconf(_SC_PAGESIZE)
# else /* no _SC_PAGESIZE */
#  ifdef HAVE_SYS_PARAM_H
#   include <sys/param.h>
#   ifdef EXEC_PAGESIZE
#    define getpagesize() EXEC_PAGESIZE
#   else /* no EXEC_PAGESIZE */
#    ifdef NBPG
#     define getpagesize() NBPG * CLSIZE
#     ifndef CLSIZE
#      define CLSIZE 1
#     endif /* no CLSIZE */
#    else /* no NBPG */
#     ifdef NBPC
#      define getpagesize() NBPC
#     else /* no NBPC */
#      ifdef PAGESIZE
#       define getpagesize() PAGESIZE
#      endif /* PAGESIZE */
#     endif /* no NBPC */
#    endif /* no NBPG */
#   endif /* no EXEC_PAGESIZE */
#  else /* no HAVE_SYS_PARAM_H */
#   define getpagesize() 8192	/* punt totally */
#  endif /* no HAVE_SYS_PARAM_H */
# endif /* no _SC_PAGESIZE */

#endif /* no HAVE_GETPAGESIZE */

#ifdef __cplusplus
extern "C" { void *malloc(unsigned); }
#else
char *malloc();
#endif

int
main()
{
	char *data, *data2, *data3;
	int i, pagesize;
	int fd;

	pagesize = getpagesize();

	/*
	 * First, make a file with some known garbage in it.
	 */
	data = malloc(pagesize);
	if (!data)
		exit(1);
	for (i = 0; i < pagesize; ++i)
		*(data + i) = rand();
	umask(0);
	fd = creat("conftestmmap", 0600);
	if (fd < 0)
		exit(1);
	if (write(fd, data, pagesize) != pagesize)
		exit(1);
	close(fd);

	/*
	 * Next, try to mmap the file at a fixed address which
	 * already has something else allocated at it.  If we can,
	 * also make sure that we see the same garbage.
	 */
	fd = open("conftestmmap", O_RDWR);
	if (fd < 0)
		exit(1);
	data2 = malloc(2 * pagesize);
	if (!data2)
		exit(1);
	data2 += (pagesize - ((int) data2 & (pagesize - 1))) & (pagesize - 1);
	if (data2 != mmap(data2, pagesize, PROT_READ | PROT_WRITE,
	    MAP_PRIVATE | MAP_FIXED, fd, 0L))
		exit(1);
	for (i = 0; i < pagesize; ++i)
		if (*(data + i) != *(data2 + i))
			exit(1);

	/*
	 * Finally, make sure that changes to the mapped area
	 * do not percolate back to the file as seen by read().
	 * (This is a bug on some variants of i386 svr4.0.)
	 */
	for (i = 0; i < pagesize; ++i)
		*(data2 + i) = *(data2 + i) + 1;
	data3 = malloc(pagesize);
	if (!data3)
		exit(1);
	if (read(fd, data3, pagesize) != pagesize)
		exit(1);
	for (i = 0; i < pagesize; ++i)
		if (*(data + i) != *(data3 + i))
			exit(1);
	close(fd);
	unlink("conftestmmap");
	exit(0);
}

configure:2873: checking for btowc
configure:2901: gcc -o conftest -g -O2   conftest.c  1>&5
C:\TEMP\ccQsaaaa.o: In function `main':
//D/usr/local/grep-2.4/configure:2895: undefined reference to `btowc'
configure: failed program was:
#line 2878 "configure"
#include "confdefs.h"
/* System header to define __stub macros and hopefully few prototypes,
    which can conflict with char btowc(); below.  */
#include <assert.h>
/* Override any gcc2 internal prototype to avoid an error.  */
/* We use char because int might match the return type of a gcc2
    builtin and then its argument prototype would still apply.  */
char btowc();

int main() {

/* The GNU C library defines this for functions which it implements
    to always fail with ENOSYS.  Some functions are actually named
    something starting with __ and the normal name is an alias.  */
#if defined (__stub_btowc) || defined (__stub___btowc)
choke me
#else
btowc();
#endif

; return 0; }
configure:2873: checking for isascii
configure:2901: gcc -o conftest -g -O2   conftest.c  1>&5
configure:2873: checking for memmove
configure:2901: gcc -o conftest -g -O2   conftest.c  1>&5
configure:2873: checking for setmode
configure:2901: gcc -o conftest -g -O2   conftest.c  1>&5
configure:2873: checking for strerror
configure:2901: gcc -o conftest -g -O2   conftest.c  1>&5
configure:2873: checking for wctype
configure:2901: gcc -o conftest -g -O2   conftest.c  1>&5
C:\TEMP\ccysaaaa.o: In function `main':
//D/usr/local/grep-2.4/configure:2895: undefined reference to `wctype'
configure: failed program was:
#line 2878 "configure"
#include "confdefs.h"
/* System header to define __stub macros and hopefully few prototypes,
    which can conflict with char wctype(); below.  */
#include <assert.h>
/* Override any gcc2 internal prototype to avoid an error.  */
/* We use char because int might match the return type of a gcc2
    builtin and then its argument prototype would still apply.  */
char wctype();

int main() {

/* The GNU C library defines this for functions which it implements
    to always fail with ENOSYS.  Some functions are actually named
    something starting with __ and the normal name is an alias.  */
#if defined (__stub_wctype) || defined (__stub___wctype)
choke me
#else
wctype();
#endif

; return 0; }
configure:2928: checking for memchr
configure:2956: gcc -o conftest -g -O2   conftest.c  1>&5
configure:2928: checking for stpcpy
configure:2956: gcc -o conftest -g -O2   conftest.c  1>&5
C:\TEMP\ccHsaaaa.o: In function `main':
//D/usr/local/grep-2.4/configure:2950: undefined reference to `stpcpy'
configure: failed program was:
#line 2933 "configure"
#include "confdefs.h"
/* System header to define __stub macros and hopefully few prototypes,
    which can conflict with char stpcpy(); below.  */
#include <assert.h>
/* Override any gcc2 internal prototype to avoid an error.  */
/* We use char because int might match the return type of a gcc2
    builtin and then its argument prototype would still apply.  */
char stpcpy();

int main() {

/* The GNU C library defines this for functions which it implements
    to always fail with ENOSYS.  Some functions are actually named
    something starting with __ and the normal name is an alias.  */
#if defined (__stub_stpcpy) || defined (__stub___stpcpy)
choke me
#else
stpcpy();
#endif

; return 0; }
configure:2997: checking for inline
configure:3011: gcc -c -g -O2  conftest.c 1>&5
    0       0 [main] d:\gnuwin32\CYGWIN~1\bin\sh.exe 1614 sig_send: error sending signal(-3) to pid 1614, Win32 error -1
configure:3037: checking for off_t
configure:3075: checking for argz.h
configure:3085: gcc -E  conftest.c >/dev/null 2>conftest.out
configure:3081: argz.h: No such file or directory
configure: failed program was:
#line 3080 "configure"
#include "confdefs.h"
#include <argz.h>
configure:3075: checking for limits.h
configure:3085: gcc -E  conftest.c >/dev/null 2>conftest.out
configure:3075: checking for locale.h
configure:3085: gcc -E  conftest.c >/dev/null 2>conftest.out
configure:3075: checking for nl_types.h
configure:3085: gcc -E  conftest.c >/dev/null 2>conftest.out
configure:3081: nl_types.h: No such file or directory
configure: failed program was:
#line 3080 "configure"
#include "confdefs.h"
#include <nl_types.h>
configure:3075: checking for malloc.h
configure:3085: gcc -E  conftest.c >/dev/null 2>conftest.out
configure:3075: checking for string.h
configure:3075: checking for unistd.h
configure:3075: checking for sys/param.h
configure:3115: checking for getcwd
configure:3143: gcc -o conftest -g -O2   conftest.c  1>&5
configure:3115: checking for munmap
configure:3143: gcc -o conftest -g -O2   conftest.c  1>&5
C:\TEMP\ccztaaaa.o: In function `main':
//D/usr/local/grep-2.4/configure:3137: undefined reference to `munmap'
configure: failed program was:
#line 3120 "configure"
#include "confdefs.h"
/* System header to define __stub macros and hopefully few prototypes,
    which can conflict with char munmap(); below.  */
#include <assert.h>
/* Override any gcc2 internal prototype to avoid an error.  */
/* We use char because int might match the return type of a gcc2
    builtin and then its argument prototype would still apply.  */
char munmap();

int main() {

/* The GNU C library defines this for functions which it implements
    to always fail with ENOSYS.  Some functions are actually named
    something starting with __ and the normal name is an alias.  */
#if defined (__stub_munmap) || defined (__stub___munmap)
choke me
#else
munmap();
#endif

; return 0; }
configure:3115: checking for putenv
configure:3143: gcc -o conftest -g -O2   conftest.c  1>&5
configure:3115: checking for setenv
configure:3143: gcc -o conftest -g -O2   conftest.c  1>&5
C:\TEMP\cc3taaaa.o: In function `main':
//D/usr/local/grep-2.4/configure:3137: undefined reference to `setenv'
configure: failed program was:
#line 3120 "configure"
#include "confdefs.h"
/* System header to define __stub macros and hopefully few prototypes,
    which can conflict with char setenv(); below.  */
#include <assert.h>
/* Override any gcc2 internal prototype to avoid an error.  */
/* We use char because int might match the return type of a gcc2
    builtin and then its argument prototype would still apply.  */
char setenv();

int main() {

/* The GNU C library defines this for functions which it implements
    to always fail with ENOSYS.  Some functions are actually named
    something starting with __ and the normal name is an alias.  */
#if defined (__stub_setenv) || defined (__stub___setenv)
choke me
#else
setenv();
#endif

; return 0; }
configure:3115: checking for setlocale
configure:3143: gcc -o conftest -g -O2   conftest.c  1>&5
configure:3115: checking for strchr
configure:3143: gcc -o conftest -g -O2   conftest.c  1>&5
configure:3115: checking for strcasecmp
configure:3143: gcc -o conftest -g -O2   conftest.c  1>&5
configure:3115: checking for strdup
configure:3143: gcc -o conftest -g -O2   conftest.c  1>&5
configure:3115: checking for __argz_count
configure:3143: gcc -o conftest -g -O2   conftest.c  1>&5
C:\TEMP\ccztaaaa.o: In function `main':
//D/usr/local/grep-2.4/configure:3137: undefined reference to `__argz_count'
    0       0 [main] d:\gnuwin32\CYGWIN~1\bin\sh.exe 1827 sig_send: error sending signal(-3) to pid 1827, Win32 error -1
configure: failed program was:
#line 3120 "configure"
#include "confdefs.h"
/* System header to define __stub macros and hopefully few prototypes,
    which can conflict with char __argz_count(); below.  */
#include <assert.h>
/* Override any gcc2 internal prototype to avoid an error.  */
/* We use char because int might match the return type of a gcc2
    builtin and then its argument prototype would still apply.  */
char __argz_count();

int main() {

/* The GNU C library defines this for functions which it implements
    to always fail with ENOSYS.  Some functions are actually named
    something starting with __ and the normal name is an alias.  */
#if defined (__stub___argz_count) || defined (__stub_____argz_count)
choke me
#else
__argz_count();
#endif

; return 0; }
configure:3115: checking for __argz_stringify
configure:3143: gcc -o conftest -g -O2   conftest.c  1>&5
C:\TEMP\ccluaaaa.o: In function `main':
//D/usr/local/grep-2.4/configure:3137: undefined reference to `__argz_stringify'
configure: failed program was:
#line 3120 "configure"
#include "confdefs.h"
/* System header to define __stub macros and hopefully few prototypes,
    which can conflict with char __argz_stringify(); below.  */
#include <assert.h>
/* Override any gcc2 internal prototype to avoid an error.  */
/* We use char because int might match the return type of a gcc2
    builtin and then its argument prototype would still apply.  */
char __argz_stringify();

int main() {

/* The GNU C library defines this for functions which it implements
    to always fail with ENOSYS.  Some functions are actually named
    something starting with __ and the normal name is an alias.  */
#if defined (__stub___argz_stringify) || defined (__stub_____argz_stringify)
choke me
#else
__argz_stringify();
#endif

; return 0; }
configure:3115: checking for __argz_next
configure:3143: gcc -o conftest -g -O2   conftest.c  1>&5
C:\TEMP\ccbnaaaa.o: In function `main':
//D/usr/local/grep-2.4/configure:3137: undefined reference to `__argz_next'
configure: failed program was:
#line 3120 "configure"
#include "confdefs.h"
/* System header to define __stub macros and hopefully few prototypes,
    which can conflict with char __argz_next(); below.  */
#include <assert.h>
/* Override any gcc2 internal prototype to avoid an error.  */
/* We use char because int might match the return type of a gcc2
    builtin and then its argument prototype would still apply.  */
char __argz_next();

int main() {

/* The GNU C library defines this for functions which it implements
    to always fail with ENOSYS.  Some functions are actually named
    something starting with __ and the normal name is an alias.  */
#if defined (__stub___argz_next) || defined (__stub_____argz_next)
choke me
#else
__argz_next();
#endif

; return 0; }
configure:3234: checking for LC_MESSAGES
configure:3246: gcc -o conftest -g -O2   conftest.c  1>&5
configure: In function `main':
configure:3243: `LC_MESSAGES' undeclared (first use in this function)
configure:3243: (Each undeclared identifier is reported only once
configure:3243: for each function it appears in.)
configure: failed program was:
#line 3239 "configure"
#include "confdefs.h"
#include <locale.h>
int main() {
return LC_MESSAGES
; return 0; }
configure:3267: checking whether NLS is requested
configure:3287: checking whether included gettext is requested
configure:3306: checking for libintl.h
configure:3652: checking whether catgets can be used
configure:3924: checking for msgfmt
configure:3958: checking for gmsgfmt
configure:3994: checking for xgettext
configure:4091: checking for catalogs to be installed
configure:4203: checking for dos file convention
configure:4222: checking for Cygwin environment
configure:4238: gcc -c -g -O2  conftest.c 1>&5
configure: In function `main':
configure:4234: `__CYGWIN32__' undeclared (first use in this function)
configure:4234: (Each undeclared identifier is reported only once
configure:4234: for each function it appears in.)
configure: failed program was:
#line 4227 "configure"
#include "confdefs.h"

int main() {

#ifndef __CYGWIN__
#define __CYGWIN__ __CYGWIN32__
#endif
return __CYGWIN__;
; return 0; }
configure:4255: checking for mingw32 environment
configure:4267: gcc -c -g -O2  conftest.c 1>&5
configure:4284: checking for DJGPP environment
configure:4296: gcc -c -g -O2  conftest.c 1>&5
configure: In function `main':
configure:4292: `__DJGPP__' undeclared (first use in this function)
configure:4292: (Each undeclared identifier is reported only once
configure:4292: for each function it appears in.)
configure: failed program was:
#line 4289 "configure"
#include "confdefs.h"

int main() {
 return __DJGPP__;
; return 0; }
configure:4316: checking for environ variable separator
configure:4335: checking for executable suffix
configure:4366: checking for object suffix
configure:4372: gcc -c -g -O2  conftest.c 1>&5
